[INFO] Scanning for projects...
[INFO] artifact org.apache.maven.plugins:maven-enforcer-plugin: checking for updates from m.g.o-public
[INFO] ------------------------------------------------------------------------
[INFO] Building Hudson Warnings Plug-in
[INFO]    task-segment: [release:prepare, release:perform] (aggregator-style)
[INFO] ------------------------------------------------------------------------
[INFO] [release:prepare {execution: default-cli}]
[INFO] Verifying that there are no local modifications...
[INFO] Executing: /bin/sh -c cd /home/hafner/Workspace/release/warnings && svn --non-interactive status
[INFO] Working directory: /home/hafner/Workspace/release/warnings
[INFO] Checking dependencies and plugins for snapshots ...
[INFO] Transforming 'Hudson Warnings Plug-in'...
[INFO] Not generating release POMs
[INFO] Executing goals 'clean verify'...
[INFO] [INFO] Scanning for projects...
[INFO] [INFO] ------------------------------------------------------------------------
[INFO] [INFO] Building Hudson Warnings Plug-in
[INFO] [INFO]    task-segment: [clean, verify]
[INFO] [INFO] ------------------------------------------------------------------------
[INFO] [INFO] [clean:clean {execution: default-clean}]
[INFO] [INFO] Deleting directory /home/hafner/Workspace/release/warnings/target
[INFO] [INFO] [enforcer:display-info {execution: default}]
[INFO] [INFO] Maven Version: 2.2.1
[INFO] [INFO] JDK Version: 1.6.0_16 normalized as: 1.6.0-16
[INFO] [INFO] OS Info: Arch: i386 Family: unix Name: linux Version: 2.6.31-16-generic
[INFO] [INFO] [localizer:generate {execution: default}]
[INFO] [INFO] [resources:resources {execution: default-resources}]
[INFO] [WARNING] Using platform encoding (UTF-8 actually) to copy filtered resources, i.e. build is platform dependent!
[INFO] [INFO] Copying 41 resources
[INFO] [INFO] [hpi:apt-compile {execution: default-apt-compile}]
[INFO] [INFO] Compiling 32 source files to /home/hafner/Workspace/release/warnings/target/classes
[INFO] Note: Generating hudson/plugins/warnings/WarningsPublisher.stapler
[INFO] Note: hudson.plugins.warnings.WarningsPublisher.WARNINGS_DESCRIPTOR indexed under hudson.Extension
[INFO] /home/hafner/Workspace/release/warnings/src/main/java/hudson/plugins/warnings/WarningsPublisher.java:205: warning: [deprecation] getWorkspace() in hudson.model.AbstractProject has been deprecated
[INFO]             project = build.getProject().getWorkspace().act(parser);
[INFO]                                         ^
[INFO] /home/hafner/Workspace/release/warnings/src/main/java/hudson/plugins/warnings/WarningsPublisher.java:208: warning: [deprecation] getWorkspace() in hudson.model.AbstractProject has been deprecated
[INFO]             project = new ParserResult(build.getProject().getWorkspace());
[INFO]                                                          ^
[INFO] /home/hafner/Workspace/release/warnings/src/main/java/hudson/plugins/warnings/WarningsPublisher.java:216: warning: [deprecation] getWorkspace() in hudson.model.AbstractProject has been deprecated
[INFO]         project = build.getProject().getWorkspace().act(new AnnotationsClassifier(project, getDefaultEncoding()));
[INFO]                                     ^
[INFO] 3 warnings
[INFO] [INFO] [hpi:insert-test {execution: default-insert-test}]
[INFO] [INFO] [groovy:generateTestStubs {execution: test-in-groovy}]
[INFO] [INFO]  No sources found for Java stub generation
[INFO] [INFO] [resources:testResources {execution: default-testResources}]
[INFO] [WARNING] Using platform encoding (UTF-8 actually) to copy filtered resources, i.e. build is platform dependent!
[INFO] [INFO] Copying 35 resources
[INFO] [INFO] [compiler:testCompile {execution: default-testCompile}]
[INFO] [INFO] Compiling 25 source files to /home/hafner/Workspace/release/warnings/target/test-classes
[INFO] [INFO] [hpi:test-hpl {execution: default-test-hpl}]
[INFO] [INFO] Generating /home/hafner/Workspace/release/warnings/target/test-classes/the.hpl
[INFO] [INFO] [groovy:testCompile {execution: test-in-groovy}]
[INFO] [INFO]  No sources found to compile
[INFO] [INFO] [surefire:test {execution: default-test}]
[INFO] [INFO] Surefire report directory: /home/hafner/Workspace/release/warnings/target/surefire-reports
[INFO] 
[INFO] -------------------------------------------------------
[INFO]  T E S T S
[INFO] -------------------------------------------------------
[INFO] Running hudson.plugins.warnings.parser.AntJavacParserTest
[INFO] Tests run: 6, Failures: 0, Errors: 0, Skipped: 0, Time elapsed: 0.81 sec
[INFO] Running hudson.plugins.warnings.parser.AntEclipseParserTest
[INFO] Tests run: 2, Failures: 0, Errors: 0, Skipped: 0, Time elapsed: 0.718 sec
[INFO] Running hudson.plugins.warnings.parser.InvalidsParserTest
[INFO] Tests run: 2, Failures: 0, Errors: 0, Skipped: 0, Time elapsed: 0.058 sec
[INFO] Running hudson.plugins.warnings.WarningsResultTest
[INFO] Tests run: 3, Failures: 0, Errors: 0, Skipped: 0, Time elapsed: 1.12 sec
[INFO] Running hudson.plugins.warnings.parser.TiCcsParserTest
[INFO] Tests run: 2, Failures: 0, Errors: 0, Skipped: 0, Time elapsed: 0.079 sec
[INFO] Running hudson.plugins.warnings.parser.MsBuildParserTest
[INFO] Tests run: 6, Failures: 0, Errors: 0, Skipped: 0, Time elapsed: 0.095 sec
[INFO] Running InjectedTest
[INFO] Tests run: 0, Failures: 0, Errors: 0, Skipped: 0, Time elapsed: 0.008 sec
[INFO] Running hudson.plugins.warnings.parser.SunCParserTest
[INFO] Tests run: 2, Failures: 0, Errors: 0, Skipped: 0, Time elapsed: 0.116 sec
[INFO] Running hudson.plugins.warnings.WarningsDifferencerTest
[INFO] Tests run: 4, Failures: 0, Errors: 0, Skipped: 0, Time elapsed: 0.014 sec
[INFO] Running hudson.plugins.warnings.parser.IntelCParserTest
[INFO] Tests run: 2, Failures: 0, Errors: 0, Skipped: 0, Time elapsed: 0.062 sec
[INFO] Running hudson.plugins.warnings.parser.MavenParserTest
[INFO] Tests run: 2, Failures: 0, Errors: 0, Skipped: 0, Time elapsed: 0.411 sec
[INFO] Running hudson.plugins.warnings.WarningsHealthDescriptorTest
[INFO] Tests run: 8, Failures: 0, Errors: 0, Skipped: 0, Time elapsed: 0.135 sec
[INFO] Running hudson.plugins.warnings.parser.ParserRegistryTest
[INFO] Tests run: 8, Failures: 0, Errors: 0, Skipped: 0, Time elapsed: 88.9 sec
[INFO] Running hudson.plugins.warnings.parser.JavaDocParserTest
[INFO] Tests run: 3, Failures: 0, Errors: 0, Skipped: 0, Time elapsed: 0.634 sec
[INFO] Running hudson.plugins.warnings.parser.ErlcParserTest
[INFO] Tests run: 2, Failures: 0, Errors: 0, Skipped: 0, Time elapsed: 0.01 sec
[INFO] Running hudson.plugins.warnings.parser.GnatParserTest
[INFO] Tests run: 2, Failures: 0, Errors: 0, Skipped: 0, Time elapsed: 0.196 sec
[INFO] Running hudson.plugins.warnings.parser.HpiCompileParserTest
[INFO] Tests run: 2, Failures: 0, Errors: 0, Skipped: 0, Time elapsed: 0.416 sec
[INFO] Running hudson.plugins.warnings.parser.JavacParserTest
[INFO] Tests run: 2, Failures: 0, Errors: 0, Skipped: 0, Time elapsed: 0.968 sec
[INFO] Running hudson.plugins.warnings.parser.BugSerializeModelTest
[INFO] Tests run: 3, Failures: 0, Errors: 0, Skipped: 0, Time elapsed: 0.293 sec
[INFO] Running hudson.plugins.warnings.ResultSummaryTest
[INFO] Tests run: 12, Failures: 0, Errors: 0, Skipped: 0, Time elapsed: 0.323 sec
[INFO] Running hudson.plugins.warnings.parser.IarParserTest
[INFO] Tests run: 2, Failures: 0, Errors: 0, Skipped: 0, Time elapsed: 0.216 sec
[INFO] Running hudson.plugins.warnings.parser.GccParserTest
[INFO] Tests run: 9, Failures: 0, Errors: 0, Skipped: 0, Time elapsed: 1.808 sec
[INFO] Running hudson.plugins.warnings.parser.BuckminsterParserTest
[INFO] Tests run: 2, Failures: 0, Errors: 0, Skipped: 0, Time elapsed: 1.046 sec
[INFO] Running hudson.plugins.warnings.parser.AcuCobolParserTest
[INFO] Tests run: 2, Failures: 0, Errors: 0, Skipped: 0, Time elapsed: 0.048 sec
[INFO] 
[INFO] Results :
[INFO] 
[INFO] Tests run: 88, Failures: 0, Errors: 0, Skipped: 0
[INFO] 
[INFO] [INFO] [hpi:hpi {execution: default-hpi}]
[INFO] [INFO] Exploding webapp...
[INFO] [INFO] Copy webapp webResources to /home/hafner/Workspace/release/warnings/target/warnings
[INFO] [INFO] Assembling webapp warnings in /home/hafner/Workspace/release/warnings/target/warnings
[INFO] [INFO] Generating hpi /home/hafner/Workspace/release/warnings/target/warnings.hpi
[INFO] [INFO] Generating /home/hafner/Workspace/release/warnings/target/warnings/META-INF/MANIFEST.MF
[INFO] [INFO] Building jar: /home/hafner/Workspace/release/warnings/target/warnings.hpi
[INFO] [INFO] Building jar: /home/hafner/Workspace/release/warnings/target/warnings.jar
[INFO] [INFO] ------------------------------------------------------------------------
[INFO] [INFO] BUILD SUCCESSFUL
[INFO] [INFO] ------------------------------------------------------------------------
[INFO] [INFO] Total time: 2 minutes 14 seconds
[INFO] [INFO] Finished at: Mon Dec 28 00:08:49 CET 2009
[INFO] [INFO] Final Memory: 37M/63M
[INFO] [INFO] ------------------------------------------------------------------------
[INFO] Checking in modified POMs...
[INFO] Executing: /bin/sh -c cd /home/hafner/Workspace/release/warnings && svn --non-interactive commit --file /tmp/maven-scm-1617573704.commit --targets /tmp/maven-scm-5498151371548199357-targets
[INFO] Working directory: /home/hafner/Workspace/release/warnings
[INFO] Tagging release with the label warnings-3.1...
[INFO] Executing: /bin/sh -c cd /home/hafner/Workspace/release/warnings && svn --non-interactive copy --file /tmp/maven-scm-1794966794.commit --revision 24983 https://svn.dev.java.net/svn/hudson/trunk/hudson/plugins/warnings https://svn.dev.java.net/svn/hudson/tags/warnings-3.1
[INFO] Working directory: /home/hafner/Workspace/release/warnings
[INFO] Transforming 'Hudson Warnings Plug-in'...
[INFO] Not removing release POMs
[INFO] Checking in modified POMs...
[INFO] Executing: /bin/sh -c cd /home/hafner/Workspace/release/warnings && svn --non-interactive commit --file /tmp/maven-scm-1424135308.commit --targets /tmp/maven-scm-1874998836953758122-targets
[INFO] Working directory: /home/hafner/Workspace/release/warnings
[INFO] Release preparation complete.
[INFO] [release:perform {execution: default-cli}]
[INFO] Checking out the project to perform the release ...
[INFO] Executing: /bin/sh -c cd /home/hafner/Workspace/release/warnings/target && svn --non-interactive checkout https://svn.dev.java.net/svn/hudson/tags/warnings-3.1 /home/hafner/Workspace/release/warnings/target/checkout
[INFO] Working directory: /home/hafner/Workspace/release/warnings/target
[INFO] Executing goals 'deploy hpi:upload hpi:announce'...
[INFO] [INFO] Scanning for projects...
[INFO] [INFO] ------------------------------------------------------------------------
[INFO] [INFO] Building Hudson Warnings Plug-in
[INFO] [INFO]    task-segment: [deploy, hpi:upload, hpi:announce]
[INFO] [INFO] ------------------------------------------------------------------------
[INFO] [INFO] [enforcer:display-info {execution: default}]
[INFO] [INFO] Maven Version: 2.2.1
[INFO] [INFO] JDK Version: 1.6.0_16 normalized as: 1.6.0-16
[INFO] [INFO] OS Info: Arch: i386 Family: unix Name: linux Version: 2.6.31-16-generic
[INFO] [INFO] [localizer:generate {execution: default}]
[INFO] [INFO] [resources:resources {execution: default-resources}]
[INFO] [WARNING] Using platform encoding (UTF-8 actually) to copy filtered resources, i.e. build is platform dependent!
[INFO] [INFO] Copying 41 resources
[INFO] [INFO] [hpi:apt-compile {execution: default-apt-compile}]
[INFO] [INFO] Compiling 32 source files to /home/hafner/Workspace/release/warnings/target/checkout/target/classes
[INFO] Note: Generating hudson/plugins/warnings/WarningsPublisher.stapler
[INFO] Note: hudson.plugins.warnings.WarningsPublisher.WARNINGS_DESCRIPTOR indexed under hudson.Extension
[INFO] /home/hafner/Workspace/release/warnings/target/checkout/src/main/java/hudson/plugins/warnings/WarningsPublisher.java:205: warning: [deprecation] getWorkspace() in hudson.model.AbstractProject has been deprecated
[INFO]             project = build.getProject().getWorkspace().act(parser);
[INFO]                                         ^
[INFO] /home/hafner/Workspace/release/warnings/target/checkout/src/main/java/hudson/plugins/warnings/WarningsPublisher.java:208: warning: [deprecation] getWorkspace() in hudson.model.AbstractProject has been deprecated
[INFO]             project = new ParserResult(build.getProject().getWorkspace());
[INFO]                                                          ^
[INFO] /home/hafner/Workspace/release/warnings/target/checkout/src/main/java/hudson/plugins/warnings/WarningsPublisher.java:216: warning: [deprecation] getWorkspace() in hudson.model.AbstractProject has been deprecated
[INFO]         project = build.getProject().getWorkspace().act(new AnnotationsClassifier(project, getDefaultEncoding()));
[INFO]                                     ^
[INFO] 3 warnings
[INFO] [INFO] [hpi:insert-test {execution: default-insert-test}]
[INFO] [INFO] [groovy:generateTestStubs {execution: test-in-groovy}]
[INFO] [INFO]  No sources found for Java stub generation
[INFO] [INFO] [resources:testResources {execution: default-testResources}]
[INFO] [WARNING] Using platform encoding (UTF-8 actually) to copy filtered resources, i.e. build is platform dependent!
[INFO] [INFO] Copying 35 resources
[INFO] [INFO] [compiler:testCompile {execution: default-testCompile}]
[INFO] [INFO] Compiling 25 source files to /home/hafner/Workspace/release/warnings/target/checkout/target/test-classes
[INFO] [INFO] [hpi:test-hpl {execution: default-test-hpl}]
[INFO] [INFO] Generating /home/hafner/Workspace/release/warnings/target/checkout/target/test-classes/the.hpl
[INFO] [INFO] [groovy:testCompile {execution: test-in-groovy}]
[INFO] [INFO]  No sources found to compile
[INFO] [INFO] [surefire:test {execution: default-test}]
[INFO] [INFO] Surefire report directory: /home/hafner/Workspace/release/warnings/target/checkout/target/surefire-reports
[INFO] 
[INFO] -------------------------------------------------------
[INFO]  T E S T S
[INFO] -------------------------------------------------------
[INFO] Running hudson.plugins.warnings.parser.AntJavacParserTest
[INFO] Tests run: 6, Failures: 0, Errors: 0, Skipped: 0, Time elapsed: 2.086 sec
[INFO] Running hudson.plugins.warnings.parser.AntEclipseParserTest
[INFO] Tests run: 2, Failures: 0, Errors: 0, Skipped: 0, Time elapsed: 2.143 sec
[INFO] Running hudson.plugins.warnings.parser.InvalidsParserTest
[INFO] Tests run: 2, Failures: 0, Errors: 0, Skipped: 0, Time elapsed: 0.136 sec
[INFO] Running hudson.plugins.warnings.WarningsResultTest
[INFO] Dec 28, 2009 12:10:19 AM hudson.plugins.analysis.core.BuildResult loadResult
[INFO] INFO: Loaded data file /tmp/compiler-warnings.xml for build 2
[INFO] Tests run: 3, Failures: 0, Errors: 0, Skipped: 0, Time elapsed: 1.819 sec
[INFO] Running hudson.plugins.warnings.parser.TiCcsParserTest
[INFO] Tests run: 2, Failures: 0, Errors: 0, Skipped: 0, Time elapsed: 0.082 sec
[INFO] Running hudson.plugins.warnings.parser.MsBuildParserTest
[INFO] Tests run: 6, Failures: 0, Errors: 0, Skipped: 0, Time elapsed: 0.097 sec
[INFO] Running InjectedTest
[INFO] Tests run: 0, Failures: 0, Errors: 0, Skipped: 0, Time elapsed: 0.005 sec
[INFO] Running hudson.plugins.warnings.parser.SunCParserTest
[INFO] Tests run: 2, Failures: 0, Errors: 0, Skipped: 0, Time elapsed: 0.09 sec
[INFO] Running hudson.plugins.warnings.WarningsDifferencerTest
[INFO] Tests run: 4, Failures: 0, Errors: 0, Skipped: 0, Time elapsed: 0.006 sec
[INFO] Running hudson.plugins.warnings.parser.IntelCParserTest
[INFO] Tests run: 2, Failures: 0, Errors: 0, Skipped: 0, Time elapsed: 0.057 sec
[INFO] Running hudson.plugins.warnings.parser.MavenParserTest
[INFO] Tests run: 2, Failures: 0, Errors: 0, Skipped: 0, Time elapsed: 0.625 sec
[INFO] Running hudson.plugins.warnings.WarningsHealthDescriptorTest
[INFO] Tests run: 8, Failures: 0, Errors: 0, Skipped: 0, Time elapsed: 0.075 sec
[INFO] Running hudson.plugins.warnings.parser.ParserRegistryTest
[INFO] Tests run: 8, Failures: 0, Errors: 0, Skipped: 0, Time elapsed: 81.641 sec
[INFO] Running hudson.plugins.warnings.parser.JavaDocParserTest
[INFO] Tests run: 3, Failures: 0, Errors: 0, Skipped: 0, Time elapsed: 0.526 sec
[INFO] Running hudson.plugins.warnings.parser.ErlcParserTest
[INFO] Tests run: 2, Failures: 0, Errors: 0, Skipped: 0, Time elapsed: 0.011 sec
[INFO] Running hudson.plugins.warnings.parser.GnatParserTest
[INFO] Tests run: 2, Failures: 0, Errors: 0, Skipped: 0, Time elapsed: 0.209 sec
[INFO] Running hudson.plugins.warnings.parser.HpiCompileParserTest
[INFO] Tests run: 2, Failures: 0, Errors: 0, Skipped: 0, Time elapsed: 0.299 sec
[INFO] Running hudson.plugins.warnings.parser.JavacParserTest
[INFO] Tests run: 2, Failures: 0, Errors: 0, Skipped: 0, Time elapsed: 1.57 sec
[INFO] Running hudson.plugins.warnings.parser.BugSerializeModelTest
[INFO] Tests run: 3, Failures: 0, Errors: 0, Skipped: 0, Time elapsed: 0.132 sec
[INFO] Running hudson.plugins.warnings.ResultSummaryTest
[INFO] Tests run: 12, Failures: 0, Errors: 0, Skipped: 0, Time elapsed: 0.318 sec
[INFO] Running hudson.plugins.warnings.parser.IarParserTest
[INFO] Tests run: 2, Failures: 0, Errors: 0, Skipped: 0, Time elapsed: 0.22 sec
[INFO] Running hudson.plugins.warnings.parser.GccParserTest
[INFO] Tests run: 9, Failures: 0, Errors: 0, Skipped: 0, Time elapsed: 2.431 sec
[INFO] Running hudson.plugins.warnings.parser.BuckminsterParserTest
[INFO] Tests run: 2, Failures: 0, Errors: 0, Skipped: 0, Time elapsed: 1.114 sec
[INFO] Running hudson.plugins.warnings.parser.AcuCobolParserTest
[INFO] Tests run: 2, Failures: 0, Errors: 0, Skipped: 0, Time elapsed: 0.048 sec
[INFO] 
[INFO] Results :
[INFO] 
[INFO] Tests run: 88, Failures: 0, Errors: 0, Skipped: 0
[INFO] 
[INFO] [INFO] [hpi:hpi {execution: default-hpi}]
[INFO] [INFO] Exploding webapp...
[INFO] [INFO] Copy webapp webResources to /home/hafner/Workspace/release/warnings/target/checkout/target/warnings
[INFO] [INFO] Assembling webapp warnings in /home/hafner/Workspace/release/warnings/target/checkout/target/warnings
[INFO] [INFO] Generating hpi /home/hafner/Workspace/release/warnings/target/checkout/target/warnings.hpi
[INFO] [INFO] Generating /home/hafner/Workspace/release/warnings/target/checkout/target/warnings/META-INF/MANIFEST.MF
[INFO] [INFO] Building jar: /home/hafner/Workspace/release/warnings/target/checkout/target/warnings.hpi
[INFO] [INFO] Building jar: /home/hafner/Workspace/release/warnings/target/checkout/target/warnings.jar
[INFO] [INFO] Preparing source:jar
[INFO] [WARNING] Removing: jar from forked lifecycle, to prevent recursive invocation.
[INFO] [INFO] [enforcer:display-info {execution: default}]
[INFO] [INFO] Maven Version: 2.2.1
[INFO] [INFO] JDK Version: 1.6.0_16 normalized as: 1.6.0-16
[INFO] [INFO] OS Info: Arch: i386 Family: unix Name: linux Version: 2.6.31-16-generic
[INFO] [INFO] [localizer:generate {execution: default}]
[INFO] [INFO] [source:jar {execution: attach-sources}]
[INFO] [INFO] Building jar: /home/hafner/Workspace/release/warnings/target/checkout/target/warnings-sources.jar
[INFO] [INFO] Preparing javadoc:jar
[INFO] [WARNING] Removing: jar from forked lifecycle, to prevent recursive invocation.
[INFO] [WARNING] Removing: jar from forked lifecycle, to prevent recursive invocation.
[INFO] [INFO] [enforcer:display-info {execution: default}]
[INFO] [INFO] Maven Version: 2.2.1
[INFO] [INFO] JDK Version: 1.6.0_16 normalized as: 1.6.0-16
[INFO] [INFO] OS Info: Arch: i386 Family: unix Name: linux Version: 2.6.31-16-generic
[INFO] [INFO] [localizer:generate {execution: default}]
[INFO] [INFO] [javadoc:jar {execution: attach-javadocs}]
[INFO] Loading source files for package hudson.plugins.warnings...
[INFO] Loading source files for package hudson.plugins.warnings.parser...
[INFO] Loading source files for package hudson.plugins.warnings.util...
[INFO] Constructing Javadoc information...
[INFO] Standard Doclet version 1.6.0_16
[INFO] Building tree for all the packages and classes...
[INFO] Generating /home/hafner/Workspace/release/warnings/target/checkout/target/apidocs/hudson/plugins/warnings//Messages.html...
[INFO] Generating /home/hafner/Workspace/release/warnings/target/checkout/target/apidocs/hudson/plugins/warnings//ResultSummary.html...
[INFO] Generating /home/hafner/Workspace/release/warnings/target/checkout/target/apidocs/hudson/plugins/warnings//WarningsDescriptor.html...
[INFO] Generating /home/hafner/Workspace/release/warnings/target/checkout/target/apidocs/hudson/plugins/warnings//WarningsHealthDescriptor.html...
[INFO] Generating /home/hafner/Workspace/release/warnings/target/checkout/target/apidocs/hudson/plugins/warnings//WarningsProjectAction.html...
[INFO] Generating /home/hafner/Workspace/release/warnings/target/checkout/target/apidocs/hudson/plugins/warnings//WarningsPublisher.html...
[INFO] Generating /home/hafner/Workspace/release/warnings/target/checkout/target/apidocs/hudson/plugins/warnings//WarningsResult.html...
[INFO] Generating /home/hafner/Workspace/release/warnings/target/checkout/target/apidocs/hudson/plugins/warnings//WarningsResultAction.html...
[INFO] Generating /home/hafner/Workspace/release/warnings/target/checkout/target/apidocs/hudson/plugins/warnings//WarningsResultBuilder.html...
[INFO] Generating /home/hafner/Workspace/release/warnings/target/checkout/target/apidocs/hudson/plugins/warnings/parser//AcuCobolParser.html...
[INFO] Generating /home/hafner/Workspace/release/warnings/target/checkout/target/apidocs/hudson/plugins/warnings/parser//AntEclipseParser.html...
[INFO] Generating /home/hafner/Workspace/release/warnings/target/checkout/target/apidocs/hudson/plugins/warnings/parser//AntJavacParser.html...
[INFO] Generating /home/hafner/Workspace/release/warnings/target/checkout/target/apidocs/hudson/plugins/warnings/parser//BuckminsterParser.html...
[INFO] Generating /home/hafner/Workspace/release/warnings/target/checkout/target/apidocs/hudson/plugins/warnings/parser//ErlcParser.html...
[INFO] Generating /home/hafner/Workspace/release/warnings/target/checkout/target/apidocs/hudson/plugins/warnings/parser//FileWarningsParser.html...
[INFO] Generating /home/hafner/Workspace/release/warnings/target/checkout/target/apidocs/hudson/plugins/warnings/parser//GccParser.html...
[INFO] Generating /home/hafner/Workspace/release/warnings/target/checkout/target/apidocs/hudson/plugins/warnings/parser//GnatParser.html...
[INFO] Generating /home/hafner/Workspace/release/warnings/target/checkout/target/apidocs/hudson/plugins/warnings/parser//IarParser.html...
[INFO] Generating /home/hafner/Workspace/release/warnings/target/checkout/target/apidocs/hudson/plugins/warnings/parser//IntelCParser.html...
[INFO] Generating /home/hafner/Workspace/release/warnings/target/checkout/target/apidocs/hudson/plugins/warnings/parser//InvalidsParser.html...
[INFO] Generating /home/hafner/Workspace/release/warnings/target/checkout/target/apidocs/hudson/plugins/warnings/parser//JavacParser.html...
[INFO] Generating /home/hafner/Workspace/release/warnings/target/checkout/target/apidocs/hudson/plugins/warnings/parser//JavaDocParser.html...
[INFO] Generating /home/hafner/Workspace/release/warnings/target/checkout/target/apidocs/hudson/plugins/warnings/parser//MsBuildParser.html...
[INFO] Generating /home/hafner/Workspace/release/warnings/target/checkout/target/apidocs/hudson/plugins/warnings/parser//ParserRegistry.html...
[INFO] Generating /home/hafner/Workspace/release/warnings/target/checkout/target/apidocs/hudson/plugins/warnings/parser//RegexpDocumentParser.html...
[INFO] Generating /home/hafner/Workspace/release/warnings/target/checkout/target/apidocs/hudson/plugins/warnings/parser//RegexpLineParser.html...
[INFO] Generating /home/hafner/Workspace/release/warnings/target/checkout/target/apidocs/hudson/plugins/warnings/parser//RegexpParser.html...
[INFO] Generating /home/hafner/Workspace/release/warnings/target/checkout/target/apidocs/hudson/plugins/warnings/parser//SunCParser.html...
[INFO] Generating /home/hafner/Workspace/release/warnings/target/checkout/target/apidocs/hudson/plugins/warnings/parser//TiCcsParser.html...
[INFO] Generating /home/hafner/Workspace/release/warnings/target/checkout/target/apidocs/hudson/plugins/warnings/parser//Warning.html...
[INFO] Generating /home/hafner/Workspace/release/warnings/target/checkout/target/apidocs/hudson/plugins/warnings/parser//WarningsParser.html...
[INFO] Generating /home/hafner/Workspace/release/warnings/target/checkout/target/apidocs/hudson/plugins/warnings/util//Messages.html...
[INFO] Generating /home/hafner/Workspace/release/warnings/target/checkout/target/apidocs/overview-frame.html...
[INFO] Generating /home/hafner/Workspace/release/warnings/target/checkout/target/apidocs/hudson/plugins/warnings//package-frame.html...
[INFO] Generating /home/hafner/Workspace/release/warnings/target/checkout/target/apidocs/hudson/plugins/warnings//package-summary.html...
[INFO] Generating /home/hafner/Workspace/release/warnings/target/checkout/target/apidocs/hudson/plugins/warnings//package-tree.html...
[INFO] Generating /home/hafner/Workspace/release/warnings/target/checkout/target/apidocs/hudson/plugins/warnings/parser//package-frame.html...
[INFO] Generating /home/hafner/Workspace/release/warnings/target/checkout/target/apidocs/hudson/plugins/warnings/parser//package-summary.html...
[INFO] Generating /home/hafner/Workspace/release/warnings/target/checkout/target/apidocs/hudson/plugins/warnings/parser//package-tree.html...
[INFO] Generating /home/hafner/Workspace/release/warnings/target/checkout/target/apidocs/hudson/plugins/warnings/util//package-frame.html...
[INFO] Generating /home/hafner/Workspace/release/warnings/target/checkout/target/apidocs/hudson/plugins/warnings/util//package-summary.html...
[INFO] Generating /home/hafner/Workspace/release/warnings/target/checkout/target/apidocs/hudson/plugins/warnings/util//package-tree.html...
[INFO] Generating /home/hafner/Workspace/release/warnings/target/checkout/target/apidocs/constant-values.html...
[INFO] Generating /home/hafner/Workspace/release/warnings/target/checkout/target/apidocs/serialized-form.html...
[INFO] Generating /home/hafner/Workspace/release/warnings/target/checkout/target/apidocs/hudson/plugins/warnings//class-use/WarningsHealthDescriptor.html...
[INFO] Generating /home/hafner/Workspace/release/warnings/target/checkout/target/apidocs/hudson/plugins/warnings//class-use/WarningsResult.html...
[INFO] Generating /home/hafner/Workspace/release/warnings/target/checkout/target/apidocs/hudson/plugins/warnings//class-use/WarningsPublisher.html...
[INFO] Generating /home/hafner/Workspace/release/warnings/target/checkout/target/apidocs/hudson/plugins/warnings//class-use/WarningsDescriptor.html...
[INFO] Generating /home/hafner/Workspace/release/warnings/target/checkout/target/apidocs/hudson/plugins/warnings//class-use/WarningsProjectAction.html...
[INFO] Generating /home/hafner/Workspace/release/warnings/target/checkout/target/apidocs/hudson/plugins/warnings//class-use/WarningsResultBuilder.html...
[INFO] Generating /home/hafner/Workspace/release/warnings/target/checkout/target/apidocs/hudson/plugins/warnings//class-use/ResultSummary.html...
[INFO] Generating /home/hafner/Workspace/release/warnings/target/checkout/target/apidocs/hudson/plugins/warnings//class-use/Messages.html...
[INFO] Generating /home/hafner/Workspace/release/warnings/target/checkout/target/apidocs/hudson/plugins/warnings//class-use/WarningsResultAction.html...
[INFO] Generating /home/hafner/Workspace/release/warnings/target/checkout/target/apidocs/hudson/plugins/warnings/parser//class-use/Warning.html...
[INFO] Generating /home/hafner/Workspace/release/warnings/target/checkout/target/apidocs/hudson/plugins/warnings/parser//class-use/RegexpParser.html...
[INFO] Generating /home/hafner/Workspace/release/warnings/target/checkout/target/apidocs/hudson/plugins/warnings/parser//class-use/JavaDocParser.html...
[INFO] Generating /home/hafner/Workspace/release/warnings/target/checkout/target/apidocs/hudson/plugins/warnings/parser//class-use/SunCParser.html...
[INFO] Generating /home/hafner/Workspace/release/warnings/target/checkout/target/apidocs/hudson/plugins/warnings/parser//class-use/AcuCobolParser.html...
[INFO] Generating /home/hafner/Workspace/release/warnings/target/checkout/target/apidocs/hudson/plugins/warnings/parser//class-use/GnatParser.html...
[INFO] Generating /home/hafner/Workspace/release/warnings/target/checkout/target/apidocs/hudson/plugins/warnings/parser//class-use/InvalidsParser.html...
[INFO] Generating /home/hafner/Workspace/release/warnings/target/checkout/target/apidocs/hudson/plugins/warnings/parser//class-use/RegexpLineParser.html...
[INFO] Generating /home/hafner/Workspace/release/warnings/target/checkout/target/apidocs/hudson/plugins/warnings/parser//class-use/GccParser.html...
[INFO] Generating /home/hafner/Workspace/release/warnings/target/checkout/target/apidocs/hudson/plugins/warnings/parser//class-use/BuckminsterParser.html...
[INFO] Generating /home/hafner/Workspace/release/warnings/target/checkout/target/apidocs/hudson/plugins/warnings/parser//class-use/RegexpDocumentParser.html...
[INFO] Generating /home/hafner/Workspace/release/warnings/target/checkout/target/apidocs/hudson/plugins/warnings/parser//class-use/IarParser.html...
[INFO] Generating /home/hafner/Workspace/release/warnings/target/checkout/target/apidocs/hudson/plugins/warnings/parser//class-use/ParserRegistry.html...
[INFO] Generating /home/hafner/Workspace/release/warnings/target/checkout/target/apidocs/hudson/plugins/warnings/parser//class-use/FileWarningsParser.html...
[INFO] Generating /home/hafner/Workspace/release/warnings/target/checkout/target/apidocs/hudson/plugins/warnings/parser//class-use/ErlcParser.html...
[INFO] Generating /home/hafner/Workspace/release/warnings/target/checkout/target/apidocs/hudson/plugins/warnings/parser//class-use/IntelCParser.html...
[INFO] Generating /home/hafner/Workspace/release/warnings/target/checkout/target/apidocs/hudson/plugins/warnings/parser//class-use/TiCcsParser.html...
[INFO] Generating /home/hafner/Workspace/release/warnings/target/checkout/target/apidocs/hudson/plugins/warnings/parser//class-use/JavacParser.html...
[INFO] Generating /home/hafner/Workspace/release/warnings/target/checkout/target/apidocs/hudson/plugins/warnings/parser//class-use/AntEclipseParser.html...
[INFO] Generating /home/hafner/Workspace/release/warnings/target/checkout/target/apidocs/hudson/plugins/warnings/parser//class-use/AntJavacParser.html...
[INFO] Generating /home/hafner/Workspace/release/warnings/target/checkout/target/apidocs/hudson/plugins/warnings/parser//class-use/MsBuildParser.html...
[INFO] Generating /home/hafner/Workspace/release/warnings/target/checkout/target/apidocs/hudson/plugins/warnings/parser//class-use/WarningsParser.html...
[INFO] Generating /home/hafner/Workspace/release/warnings/target/checkout/target/apidocs/hudson/plugins/warnings/util//class-use/Messages.html...
[INFO] Generating /home/hafner/Workspace/release/warnings/target/checkout/target/apidocs/hudson/plugins/warnings//package-use.html...
[INFO] Generating /home/hafner/Workspace/release/warnings/target/checkout/target/apidocs/hudson/plugins/warnings/parser//package-use.html...
[INFO] Generating /home/hafner/Workspace/release/warnings/target/checkout/target/apidocs/hudson/plugins/warnings/util//package-use.html...
[INFO] Building index for all the packages and classes...
[INFO] Generating /home/hafner/Workspace/release/warnings/target/checkout/target/apidocs/overview-tree.html...
[INFO] Generating /home/hafner/Workspace/release/warnings/target/checkout/target/apidocs/index-all.html...
[INFO] Generating /home/hafner/Workspace/release/warnings/target/checkout/target/apidocs/deprecated-list.html...
[INFO] Building index for all classes...
[INFO] Generating /home/hafner/Workspace/release/warnings/target/checkout/target/apidocs/allclasses-frame.html...
[INFO] Generating /home/hafner/Workspace/release/warnings/target/checkout/target/apidocs/allclasses-noframe.html...
[INFO] Generating /home/hafner/Workspace/release/warnings/target/checkout/target/apidocs/index.html...
[INFO] Generating /home/hafner/Workspace/release/warnings/target/checkout/target/apidocs/overview-summary.html...
[INFO] Generating /home/hafner/Workspace/release/warnings/target/checkout/target/apidocs/help-doc.html...
[INFO] Generating /home/hafner/Workspace/release/warnings/target/checkout/target/apidocs/stylesheet.css...
[INFO] [INFO] Building jar: /home/hafner/Workspace/release/warnings/target/checkout/target/warnings-javadoc.jar
[INFO] [INFO] [install:install {execution: default-install}]
[INFO] [INFO] Installing /home/hafner/Workspace/release/warnings/target/checkout/target/warnings.hpi to /home/hafner/.m2/repository/org/jvnet/hudson/plugins/warnings/3.1/warnings-3.1.hpi
[INFO] [INFO] Installing /home/hafner/Workspace/release/warnings/target/checkout/target/warnings.jar to /home/hafner/.m2/repository/org/jvnet/hudson/plugins/warnings/3.1/warnings-3.1.jar
[INFO] [INFO] Installing /home/hafner/Workspace/release/warnings/target/checkout/target/warnings-sources.jar to /home/hafner/.m2/repository/org/jvnet/hudson/plugins/warnings/3.1/warnings-3.1-sources.jar
[INFO] [INFO] Installing /home/hafner/Workspace/release/warnings/target/checkout/target/warnings-javadoc.jar to /home/hafner/.m2/repository/org/jvnet/hudson/plugins/warnings/3.1/warnings-3.1-javadoc.jar
[INFO] [INFO] [deploy:deploy {execution: default-deploy}]
[INFO] Uploading: java-net:/maven2-repository/trunk/repository//trunk/repository/org/jvnet/hudson/plugins/warnings/3.1/warnings-3.1.hpi
[INFO] 
[INFO] [INFO] Retrieving previous metadata from java.net-m2-repository
[INFO] [INFO] Uploading repository metadata for: 'artifact org.jvnet.hudson.plugins:warnings'
[INFO] [INFO] Uploading project information for warnings 3.1
[INFO] Uploading: java-net:/maven2-repository/trunk/repository//trunk/repository/org/jvnet/hudson/plugins/warnings/3.1/warnings-3.1.jar
[INFO] 
[INFO] Uploading: java-net:/maven2-repository/trunk/repository//trunk/repository/org/jvnet/hudson/plugins/warnings/3.1/warnings-3.1-sources.jar
[INFO] 
[INFO] Uploading: java-net:/maven2-repository/trunk/repository//trunk/repository/org/jvnet/hudson/plugins/warnings/3.1/warnings-3.1-javadoc.jar
[INFO] 
[INFO] [INFO] Preparing hpi:upload
[INFO] [INFO] [enforcer:display-info {execution: default}]
[INFO] [INFO] Maven Version: 2.2.1
[INFO] [INFO] JDK Version: 1.6.0_16 normalized as: 1.6.0-16
[INFO] [INFO] OS Info: Arch: i386 Family: unix Name: linux Version: 2.6.31-16-generic
[INFO] [INFO] [localizer:generate {execution: default}]
[INFO] [INFO] [resources:resources {execution: default-resources}]
[INFO] [WARNING] Using platform encoding (UTF-8 actually) to copy filtered resources, i.e. build is platform dependent!
[INFO] [INFO] Copying 41 resources
[INFO] [INFO] [hpi:apt-compile {execution: default-apt-compile}]
[INFO] [INFO] Nothing to compile - all classes are up to date
[INFO] [INFO] [hpi:insert-test {execution: default-insert-test}]
[INFO] [INFO] [groovy:generateTestStubs {execution: test-in-groovy}]
[INFO] [INFO]  No sources found for Java stub generation
[INFO] [INFO] [resources:testResources {execution: default-testResources}]
[INFO] [WARNING] Using platform encoding (UTF-8 actually) to copy filtered resources, i.e. build is platform dependent!
[INFO] [INFO] Copying 35 resources
[INFO] [INFO] [compiler:testCompile {execution: default-testCompile}]
[INFO] [INFO] Nothing to compile - all classes are up to date
[INFO] [INFO] [hpi:test-hpl {execution: default-test-hpl}]
[INFO] [INFO] Generating /home/hafner/Workspace/release/warnings/target/checkout/target/test-classes/the.hpl
[INFO] [INFO] [groovy:testCompile {execution: test-in-groovy}]
[INFO] [INFO]  No sources found to compile
[INFO] [INFO] [surefire:test {execution: default-test}]
[INFO] [INFO] Surefire report directory: /home/hafner/Workspace/release/warnings/target/checkout/target/surefire-reports
[INFO] 
[INFO] -------------------------------------------------------
[INFO]  T E S T S
[INFO] -------------------------------------------------------
[INFO] Running hudson.plugins.warnings.parser.AntJavacParserTest
[INFO] Tests run: 6, Failures: 0, Errors: 0, Skipped: 0, Time elapsed: 0.817 sec
[INFO] Running hudson.plugins.warnings.parser.AntEclipseParserTest
[INFO] Tests run: 2, Failures: 0, Errors: 0, Skipped: 0, Time elapsed: 0.609 sec
[INFO] Running hudson.plugins.warnings.parser.InvalidsParserTest
[INFO] Tests run: 2, Failures: 0, Errors: 0, Skipped: 0, Time elapsed: 0.054 sec
[INFO] Running hudson.plugins.warnings.WarningsResultTest
[INFO] Dec 28, 2009 12:15:25 AM hudson.plugins.analysis.core.BuildResult loadResult
[INFO] INFO: Loaded data file /tmp/compiler-warnings.xml for build 2
[INFO] Tests run: 3, Failures: 0, Errors: 0, Skipped: 0, Time elapsed: 1.55 sec
[INFO] Running hudson.plugins.warnings.parser.TiCcsParserTest
[INFO] Tests run: 2, Failures: 0, Errors: 0, Skipped: 0, Time elapsed: 0.084 sec
[INFO] Running hudson.plugins.warnings.parser.MsBuildParserTest
[INFO] Tests run: 6, Failures: 0, Errors: 0, Skipped: 0, Time elapsed: 0.086 sec
[INFO] Running InjectedTest
[INFO] Tests run: 0, Failures: 0, Errors: 0, Skipped: 0, Time elapsed: 0.006 sec
[INFO] Running hudson.plugins.warnings.parser.SunCParserTest
[INFO] Tests run: 2, Failures: 0, Errors: 0, Skipped: 0, Time elapsed: 0.086 sec
[INFO] Running hudson.plugins.warnings.WarningsDifferencerTest
[INFO] Tests run: 4, Failures: 0, Errors: 0, Skipped: 0, Time elapsed: 0.006 sec
[INFO] Running hudson.plugins.warnings.parser.IntelCParserTest
[INFO] Tests run: 2, Failures: 0, Errors: 0, Skipped: 0, Time elapsed: 0.054 sec
[INFO] Running hudson.plugins.warnings.parser.MavenParserTest
[INFO] Tests run: 2, Failures: 0, Errors: 0, Skipped: 0, Time elapsed: 0.504 sec
[INFO] Running hudson.plugins.warnings.WarningsHealthDescriptorTest
[INFO] Tests run: 8, Failures: 0, Errors: 0, Skipped: 0, Time elapsed: 0.108 sec
[INFO] Running hudson.plugins.warnings.parser.ParserRegistryTest
[INFO] Tests run: 8, Failures: 0, Errors: 0, Skipped: 0, Time elapsed: 75.563 sec
[INFO] Running hudson.plugins.warnings.parser.JavaDocParserTest
[INFO] Tests run: 3, Failures: 0, Errors: 0, Skipped: 0, Time elapsed: 0.428 sec
[INFO] Running hudson.plugins.warnings.parser.ErlcParserTest
[INFO] Tests run: 2, Failures: 0, Errors: 0, Skipped: 0, Time elapsed: 0.011 sec
[INFO] Running hudson.plugins.warnings.parser.GnatParserTest
[INFO] Tests run: 2, Failures: 0, Errors: 0, Skipped: 0, Time elapsed: 0.181 sec
[INFO] Running hudson.plugins.warnings.parser.HpiCompileParserTest
[INFO] Tests run: 2, Failures: 0, Errors: 0, Skipped: 0, Time elapsed: 0.246 sec
[INFO] Running hudson.plugins.warnings.parser.JavacParserTest
[INFO] Tests run: 2, Failures: 0, Errors: 0, Skipped: 0, Time elapsed: 0.954 sec
[INFO] Running hudson.plugins.warnings.parser.BugSerializeModelTest
[INFO] Tests run: 3, Failures: 0, Errors: 0, Skipped: 0, Time elapsed: 0.049 sec
[INFO] Running hudson.plugins.warnings.ResultSummaryTest
[INFO] Tests run: 12, Failures: 0, Errors: 0, Skipped: 0, Time elapsed: 0.323 sec
[INFO] Running hudson.plugins.warnings.parser.IarParserTest
[INFO] Tests run: 2, Failures: 0, Errors: 0, Skipped: 0, Time elapsed: 0.19 sec
[INFO] Running hudson.plugins.warnings.parser.GccParserTest
[INFO] Tests run: 9, Failures: 0, Errors: 0, Skipped: 0, Time elapsed: 1.633 sec
[INFO] Running hudson.plugins.warnings.parser.BuckminsterParserTest
[INFO] Tests run: 2, Failures: 0, Errors: 0, Skipped: 0, Time elapsed: 0.877 sec
[INFO] Running hudson.plugins.warnings.parser.AcuCobolParserTest
[INFO] Tests run: 2, Failures: 0, Errors: 0, Skipped: 0, Time elapsed: 0.049 sec
[INFO] 
[INFO] Results :
[INFO] 
[INFO] Tests run: 88, Failures: 0, Errors: 0, Skipped: 0
[INFO] 
[INFO] [INFO] [hpi:hpi {execution: default-hpi}]
[INFO] [INFO] Exploding webapp...
[INFO] [INFO] Copy webapp webResources to /home/hafner/Workspace/release/warnings/target/checkout/target/warnings
[INFO] [INFO] Assembling webapp warnings in /home/hafner/Workspace/release/warnings/target/checkout/target/warnings
[INFO] [INFO] Generating hpi /home/hafner/Workspace/release/warnings/target/checkout/target/warnings.hpi
[INFO] [INFO] Generating /home/hafner/Workspace/release/warnings/target/checkout/target/warnings/META-INF/MANIFEST.MF
[INFO] [INFO] Building jar: /home/hafner/Workspace/release/warnings/target/checkout/target/warnings.hpi
[INFO] [INFO] Building jar: /home/hafner/Workspace/release/warnings/target/checkout/target/warnings.jar
[INFO] [INFO] Preparing source:jar
[INFO] [WARNING] Removing: jar from forked lifecycle, to prevent recursive invocation.
[INFO] [INFO] [enforcer:display-info {execution: default}]
[INFO] [INFO] Maven Version: 2.2.1
[INFO] [INFO] JDK Version: 1.6.0_16 normalized as: 1.6.0-16
[INFO] [INFO] OS Info: Arch: i386 Family: unix Name: linux Version: 2.6.31-16-generic
[INFO] [INFO] [localizer:generate {execution: default}]
[INFO] [INFO] [source:jar {execution: attach-sources}]
[INFO] [INFO] Building jar: /home/hafner/Workspace/release/warnings/target/checkout/target/warnings-sources.jar
[INFO] [INFO] Preparing javadoc:jar
[INFO] [WARNING] Removing: jar from forked lifecycle, to prevent recursive invocation.
[INFO] [WARNING] Removing: jar from forked lifecycle, to prevent recursive invocation.
[INFO] [INFO] [enforcer:display-info {execution: default}]
[INFO] [INFO] Maven Version: 2.2.1
[INFO] [INFO] JDK Version: 1.6.0_16 normalized as: 1.6.0-16
[INFO] [INFO] OS Info: Arch: i386 Family: unix Name: linux Version: 2.6.31-16-generic
[INFO] [INFO] [localizer:generate {execution: default}]
[INFO] [INFO] [javadoc:jar {execution: attach-javadocs}]
[INFO] Loading source files for package hudson.plugins.warnings...
[INFO] Loading source files for package hudson.plugins.warnings.parser...
[INFO] Loading source files for package hudson.plugins.warnings.util...
[INFO] Constructing Javadoc information...
[INFO] Standard Doclet version 1.6.0_16
[INFO] Building tree for all the packages and classes...
[INFO] Generating /home/hafner/Workspace/release/warnings/target/checkout/target/apidocs/hudson/plugins/warnings//Messages.html...
[INFO] Generating /home/hafner/Workspace/release/warnings/target/checkout/target/apidocs/hudson/plugins/warnings//ResultSummary.html...
[INFO] Generating /home/hafner/Workspace/release/warnings/target/checkout/target/apidocs/hudson/plugins/warnings//WarningsDescriptor.html...
[INFO] Generating /home/hafner/Workspace/release/warnings/target/checkout/target/apidocs/hudson/plugins/warnings//WarningsHealthDescriptor.html...
[INFO] Generating /home/hafner/Workspace/release/warnings/target/checkout/target/apidocs/hudson/plugins/warnings//WarningsProjectAction.html...
[INFO] Generating /home/hafner/Workspace/release/warnings/target/checkout/target/apidocs/hudson/plugins/warnings//WarningsPublisher.html...
[INFO] Generating /home/hafner/Workspace/release/warnings/target/checkout/target/apidocs/hudson/plugins/warnings//WarningsResult.html...
[INFO] Generating /home/hafner/Workspace/release/warnings/target/checkout/target/apidocs/hudson/plugins/warnings//WarningsResultAction.html...
[INFO] Generating /home/hafner/Workspace/release/warnings/target/checkout/target/apidocs/hudson/plugins/warnings//WarningsResultBuilder.html...
[INFO] Generating /home/hafner/Workspace/release/warnings/target/checkout/target/apidocs/hudson/plugins/warnings/parser//AcuCobolParser.html...
[INFO] Generating /home/hafner/Workspace/release/warnings/target/checkout/target/apidocs/hudson/plugins/warnings/parser//AntEclipseParser.html...
[INFO] Generating /home/hafner/Workspace/release/warnings/target/checkout/target/apidocs/hudson/plugins/warnings/parser//AntJavacParser.html...
[INFO] Generating /home/hafner/Workspace/release/warnings/target/checkout/target/apidocs/hudson/plugins/warnings/parser//BuckminsterParser.html...
[INFO] Generating /home/hafner/Workspace/release/warnings/target/checkout/target/apidocs/hudson/plugins/warnings/parser//ErlcParser.html...
[INFO] Generating /home/hafner/Workspace/release/warnings/target/checkout/target/apidocs/hudson/plugins/warnings/parser//FileWarningsParser.html...
[INFO] Generating /home/hafner/Workspace/release/warnings/target/checkout/target/apidocs/hudson/plugins/warnings/parser//GccParser.html...
[INFO] Generating /home/hafner/Workspace/release/warnings/target/checkout/target/apidocs/hudson/plugins/warnings/parser//GnatParser.html...
[INFO] Generating /home/hafner/Workspace/release/warnings/target/checkout/target/apidocs/hudson/plugins/warnings/parser//IarParser.html...
[INFO] Generating /home/hafner/Workspace/release/warnings/target/checkout/target/apidocs/hudson/plugins/warnings/parser//IntelCParser.html...
[INFO] Generating /home/hafner/Workspace/release/warnings/target/checkout/target/apidocs/hudson/plugins/warnings/parser//InvalidsParser.html...
[INFO] Generating /home/hafner/Workspace/release/warnings/target/checkout/target/apidocs/hudson/plugins/warnings/parser//JavacParser.html...
[INFO] Generating /home/hafner/Workspace/release/warnings/target/checkout/target/apidocs/hudson/plugins/warnings/parser//JavaDocParser.html...
[INFO] Generating /home/hafner/Workspace/release/warnings/target/checkout/target/apidocs/hudson/plugins/warnings/parser//MsBuildParser.html...
[INFO] Generating /home/hafner/Workspace/release/warnings/target/checkout/target/apidocs/hudson/plugins/warnings/parser//ParserRegistry.html...
[INFO] Generating /home/hafner/Workspace/release/warnings/target/checkout/target/apidocs/hudson/plugins/warnings/parser//RegexpDocumentParser.html...
[INFO] Generating /home/hafner/Workspace/release/warnings/target/checkout/target/apidocs/hudson/plugins/warnings/parser//RegexpLineParser.html...
[INFO] Generating /home/hafner/Workspace/release/warnings/target/checkout/target/apidocs/hudson/plugins/warnings/parser//RegexpParser.html...
[INFO] Generating /home/hafner/Workspace/release/warnings/target/checkout/target/apidocs/hudson/plugins/warnings/parser//SunCParser.html...
[INFO] Generating /home/hafner/Workspace/release/warnings/target/checkout/target/apidocs/hudson/plugins/warnings/parser//TiCcsParser.html...
[INFO] Generating /home/hafner/Workspace/release/warnings/target/checkout/target/apidocs/hudson/plugins/warnings/parser//Warning.html...
[INFO] Generating /home/hafner/Workspace/release/warnings/target/checkout/target/apidocs/hudson/plugins/warnings/parser//WarningsParser.html...
[INFO] Generating /home/hafner/Workspace/release/warnings/target/checkout/target/apidocs/hudson/plugins/warnings/util//Messages.html...
[INFO] Generating /home/hafner/Workspace/release/warnings/target/checkout/target/apidocs/overview-frame.html...
[INFO] Generating /home/hafner/Workspace/release/warnings/target/checkout/target/apidocs/hudson/plugins/warnings//package-frame.html...
[INFO] Generating /home/hafner/Workspace/release/warnings/target/checkout/target/apidocs/hudson/plugins/warnings//package-summary.html...
[INFO] Generating /home/hafner/Workspace/release/warnings/target/checkout/target/apidocs/hudson/plugins/warnings//package-tree.html...
[INFO] Generating /home/hafner/Workspace/release/warnings/target/checkout/target/apidocs/hudson/plugins/warnings/parser//package-frame.html...
[INFO] Generating /home/hafner/Workspace/release/warnings/target/checkout/target/apidocs/hudson/plugins/warnings/parser//package-summary.html...
[INFO] Generating /home/hafner/Workspace/release/warnings/target/checkout/target/apidocs/hudson/plugins/warnings/parser//package-tree.html...
[INFO] Generating /home/hafner/Workspace/release/warnings/target/checkout/target/apidocs/hudson/plugins/warnings/util//package-frame.html...
[INFO] Generating /home/hafner/Workspace/release/warnings/target/checkout/target/apidocs/hudson/plugins/warnings/util//package-summary.html...
[INFO] Generating /home/hafner/Workspace/release/warnings/target/checkout/target/apidocs/hudson/plugins/warnings/util//package-tree.html...
[INFO] Generating /home/hafner/Workspace/release/warnings/target/checkout/target/apidocs/constant-values.html...
[INFO] Generating /home/hafner/Workspace/release/warnings/target/checkout/target/apidocs/serialized-form.html...
[INFO] Generating /home/hafner/Workspace/release/warnings/target/checkout/target/apidocs/hudson/plugins/warnings//class-use/WarningsHealthDescriptor.html...
[INFO] Generating /home/hafner/Workspace/release/warnings/target/checkout/target/apidocs/hudson/plugins/warnings//class-use/WarningsResult.html...
[INFO] Generating /home/hafner/Workspace/release/warnings/target/checkout/target/apidocs/hudson/plugins/warnings//class-use/WarningsPublisher.html...
[INFO] Generating /home/hafner/Workspace/release/warnings/target/checkout/target/apidocs/hudson/plugins/warnings//class-use/WarningsDescriptor.html...
[INFO] Generating /home/hafner/Workspace/release/warnings/target/checkout/target/apidocs/hudson/plugins/warnings//class-use/WarningsProjectAction.html...
[INFO] Generating /home/hafner/Workspace/release/warnings/target/checkout/target/apidocs/hudson/plugins/warnings//class-use/WarningsResultBuilder.html...
[INFO] Generating /home/hafner/Workspace/release/warnings/target/checkout/target/apidocs/hudson/plugins/warnings//class-use/ResultSummary.html...
[INFO] Generating /home/hafner/Workspace/release/warnings/target/checkout/target/apidocs/hudson/plugins/warnings//class-use/Messages.html...
[INFO] Generating /home/hafner/Workspace/release/warnings/target/checkout/target/apidocs/hudson/plugins/warnings//class-use/WarningsResultAction.html...
[INFO] Generating /home/hafner/Workspace/release/warnings/target/checkout/target/apidocs/hudson/plugins/warnings/parser//class-use/Warning.html...
[INFO] Generating /home/hafner/Workspace/release/warnings/target/checkout/target/apidocs/hudson/plugins/warnings/parser//class-use/RegexpParser.html...
[INFO] Generating /home/hafner/Workspace/release/warnings/target/checkout/target/apidocs/hudson/plugins/warnings/parser//class-use/JavaDocParser.html...
[INFO] Generating /home/hafner/Workspace/release/warnings/target/checkout/target/apidocs/hudson/plugins/warnings/parser//class-use/SunCParser.html...
[INFO] Generating /home/hafner/Workspace/release/warnings/target/checkout/target/apidocs/hudson/plugins/warnings/parser//class-use/AcuCobolParser.html...
[INFO] Generating /home/hafner/Workspace/release/warnings/target/checkout/target/apidocs/hudson/plugins/warnings/parser//class-use/GnatParser.html...
[INFO] Generating /home/hafner/Workspace/release/warnings/target/checkout/target/apidocs/hudson/plugins/warnings/parser//class-use/InvalidsParser.html...
[INFO] Generating /home/hafner/Workspace/release/warnings/target/checkout/target/apidocs/hudson/plugins/warnings/parser//class-use/RegexpLineParser.html...
[INFO] Generating /home/hafner/Workspace/release/warnings/target/checkout/target/apidocs/hudson/plugins/warnings/parser//class-use/GccParser.html...
[INFO] Generating /home/hafner/Workspace/release/warnings/target/checkout/target/apidocs/hudson/plugins/warnings/parser//class-use/BuckminsterParser.html...
[INFO] Generating /home/hafner/Workspace/release/warnings/target/checkout/target/apidocs/hudson/plugins/warnings/parser//class-use/RegexpDocumentParser.html...
[INFO] Generating /home/hafner/Workspace/release/warnings/target/checkout/target/apidocs/hudson/plugins/warnings/parser//class-use/IarParser.html...
[INFO] Generating /home/hafner/Workspace/release/warnings/target/checkout/target/apidocs/hudson/plugins/warnings/parser//class-use/ParserRegistry.html...
[INFO] Generating /home/hafner/Workspace/release/warnings/target/checkout/target/apidocs/hudson/plugins/warnings/parser//class-use/FileWarningsParser.html...
[INFO] Generating /home/hafner/Workspace/release/warnings/target/checkout/target/apidocs/hudson/plugins/warnings/parser//class-use/ErlcParser.html...
[INFO] Generating /home/hafner/Workspace/release/warnings/target/checkout/target/apidocs/hudson/plugins/warnings/parser//class-use/IntelCParser.html...
[INFO] Generating /home/hafner/Workspace/release/warnings/target/checkout/target/apidocs/hudson/plugins/warnings/parser//class-use/TiCcsParser.html...
[INFO] Generating /home/hafner/Workspace/release/warnings/target/checkout/target/apidocs/hudson/plugins/warnings/parser//class-use/JavacParser.html...
[INFO] Generating /home/hafner/Workspace/release/warnings/target/checkout/target/apidocs/hudson/plugins/warnings/parser//class-use/AntEclipseParser.html...
[INFO] Generating /home/hafner/Workspace/release/warnings/target/checkout/target/apidocs/hudson/plugins/warnings/parser//class-use/AntJavacParser.html...
[INFO] Generating /home/hafner/Workspace/release/warnings/target/checkout/target/apidocs/hudson/plugins/warnings/parser//class-use/MsBuildParser.html...
[INFO] Generating /home/hafner/Workspace/release/warnings/target/checkout/target/apidocs/hudson/plugins/warnings/parser//class-use/WarningsParser.html...
[INFO] Generating /home/hafner/Workspace/release/warnings/target/checkout/target/apidocs/hudson/plugins/warnings/util//class-use/Messages.html...
[INFO] Generating /home/hafner/Workspace/release/warnings/target/checkout/target/apidocs/hudson/plugins/warnings//package-use.html...
[INFO] Generating /home/hafner/Workspace/release/warnings/target/checkout/target/apidocs/hudson/plugins/warnings/parser//package-use.html...
[INFO] Generating /home/hafner/Workspace/release/warnings/target/checkout/target/apidocs/hudson/plugins/warnings/util//package-use.html...
[INFO] Building index for all the packages and classes...
[INFO] Generating /home/hafner/Workspace/release/warnings/target/checkout/target/apidocs/overview-tree.html...
[INFO] Generating /home/hafner/Workspace/release/warnings/target/checkout/target/apidocs/index-all.html...
[INFO] Generating /home/hafner/Workspace/release/warnings/target/checkout/target/apidocs/deprecated-list.html...
[INFO] Building index for all classes...
[INFO] Generating /home/hafner/Workspace/release/warnings/target/checkout/target/apidocs/allclasses-frame.html...
[INFO] Generating /home/hafner/Workspace/release/warnings/target/checkout/target/apidocs/allclasses-noframe.html...
[INFO] Generating /home/hafner/Workspace/release/warnings/target/checkout/target/apidocs/index.html...
[INFO] Generating /home/hafner/Workspace/release/warnings/target/checkout/target/apidocs/overview-summary.html...
[INFO] Generating /home/hafner/Workspace/release/warnings/target/checkout/target/apidocs/help-doc.html...
[INFO] Generating /home/hafner/Workspace/release/warnings/target/checkout/target/apidocs/stylesheet.css...
[INFO] [INFO] Building jar: /home/hafner/Workspace/release/warnings/target/checkout/target/warnings-javadoc.jar
[INFO] [INFO] [hpi:upload {execution: default-cli}]
[INFO] [INFO] [hpi:announce {execution: default-cli}]
[INFO] [INFO] ------------------------------------------------------------------------
[INFO] [INFO] BUILD SUCCESSFUL
[INFO] [INFO] ------------------------------------------------------------------------
[INFO] [INFO] Total time: 8 minutes 8 seconds
[INFO] [INFO] Finished at: Mon Dec 28 00:17:54 CET 2009
[INFO] [INFO] Final Memory: 45M/63M
[INFO] [INFO] ------------------------------------------------------------------------
[INFO] Cleaning up after release...
[INFO] ------------------------------------------------------------------------
[INFO] BUILD SUCCESSFUL
[INFO] ------------------------------------------------------------------------
[INFO] Total time: 11 minutes 43 seconds
[INFO] Finished at: Mon Dec 28 00:17:54 CET 2009
[INFO] Final Memory: 31M/56M
[INFO] ------------------------------------------------------------------------
