[INFO] Scanning for projects...
[INFO] ------------------------------------------------------------------------
[INFO] Building Hudson Analysis Utilities Plug-in
[INFO]    task-segment: [release:prepare, release:perform] (aggregator-style)
[INFO] ------------------------------------------------------------------------
[INFO] [release:prepare {execution: default-cli}]
[INFO] Verifying that there are no local modifications...
[INFO] Executing: /bin/sh -c cd /home/hafner/Workspace/release/analysis-core && svn --non-interactive status
[INFO] Working directory: /home/hafner/Workspace/release/analysis-core
[INFO] Checking dependencies and plugins for snapshots ...
[INFO] Transforming 'Hudson Analysis Utilities Plug-in'...
[INFO] Not generating release POMs
[INFO] Executing goals 'clean verify'...
[INFO] [INFO] Scanning for projects...
[INFO] [INFO] ------------------------------------------------------------------------
[INFO] [INFO] Building Hudson Analysis Utilities Plug-in
[INFO] [INFO]    task-segment: [clean, verify]
[INFO] [INFO] ------------------------------------------------------------------------
[INFO] [INFO] [clean:clean {execution: default-clean}]
[INFO] [INFO] Deleting directory /home/hafner/Workspace/release/analysis-core/target
[INFO] [INFO] [enforcer:display-info {execution: default}]
[INFO] [INFO] Maven Version: 2.2.1
[INFO] [INFO] JDK Version: 1.6.0_16 normalized as: 1.6.0-16
[INFO] [INFO] OS Info: Arch: i386 Family: unix Name: linux Version: 2.6.31-16-generic
[INFO] [INFO] [localizer:generate {execution: default}]
[INFO] [INFO] [resources:resources {execution: default-resources}]
[INFO] [WARNING] Using platform encoding (UTF-8 actually) to copy filtered resources, i.e. build is platform dependent!
[INFO] [INFO] Copying 83 resources
[INFO] [INFO] [hpi:apt-compile {execution: default-apt-compile}]
[INFO] [INFO] Compiling 78 source files to /home/hafner/Workspace/release/analysis-core/target/classes
[INFO] Note: Generating hudson/plugins/analysis/core/BuildResult.javadoc
[INFO] Note: Generating hudson/plugins/analysis/core/PluginDescriptor/doCheckDefaultEncoding.stapler
[INFO] Note: Generating hudson/plugins/analysis/core/PluginDescriptor/doCheckPattern.stapler
[INFO] Note: Generating hudson/plugins/analysis/core/PluginDescriptor/doCheckThreshold.stapler
[INFO] Note: Generating hudson/plugins/analysis/core/PluginDescriptor/doCheckHeight.stapler
[INFO] Note: Generating hudson/plugins/analysis/core/ReporterDescriptor/doCheckThreshold.stapler
[INFO] Note: Generating hudson/plugins/analysis/core/ReporterDescriptor/doCheckHeight.stapler
[INFO] /home/hafner/Workspace/release/analysis-core/src/main/java/hudson/plugins/analysis/util/model/AnnotationStream.java:3: warning: [deprecation] hudson.util.StringConverter2 in hudson.util has been deprecated
[INFO] import hudson.util.StringConverter2;
[INFO]                   ^
[INFO] /home/hafner/Workspace/release/analysis-core/src/main/java/hudson/plugins/analysis/util/model/AnnotationStream.java:3: warning: [deprecation] hudson.util.StringConverter2 in hudson.util has been deprecated
[INFO] import hudson.util.StringConverter2;
[INFO]                   ^
[INFO] /home/hafner/Workspace/release/analysis-core/src/main/java/hudson/plugins/analysis/graph/GraphConfigurationDetail.java:457: warning: [deprecation] generateGraph(org.kohsuke.stapler.StaplerRequest,org.kohsuke.stapler.StaplerResponse,org.jfree.chart.JFreeChart,int,int) in hudson.util.ChartUtil has been deprecated
[INFO]                 ChartUtil.generateGraph(request, response, graph, DEFAULT_WIDTH, DEFAULT_HEIGHT);
[INFO]                          ^
[INFO] /home/hafner/Workspace/release/analysis-core/src/main/java/hudson/plugins/analysis/graph/GraphConfigurationDetail.java:460: warning: [deprecation] generateClickableMap(org.kohsuke.stapler.StaplerRequest,org.kohsuke.stapler.StaplerResponse,org.jfree.chart.JFreeChart,int,int) in hudson.util.ChartUtil has been deprecated
[INFO]                 ChartUtil.generateClickableMap(request, response, graph, DEFAULT_WIDTH, DEFAULT_HEIGHT);
[INFO]                          ^
[INFO] /home/hafner/Workspace/release/analysis-core/src/main/java/hudson/plugins/analysis/util/BoxRenderer.java:35: warning: [deprecation] setItemURLGenerator(org.jfree.chart.urls.CategoryURLGenerator) in org.jfree.chart.renderer.category.AbstractCategoryItemRenderer has been deprecated
[INFO]         setItemURLGenerator(this);
[INFO]         ^
[INFO] /home/hafner/Workspace/release/analysis-core/src/main/java/hudson/plugins/analysis/util/BoxRenderer.java:36: warning: [deprecation] setToolTipGenerator(org.jfree.chart.labels.CategoryToolTipGenerator) in org.jfree.chart.renderer.category.AbstractCategoryItemRenderer has been deprecated
[INFO]         setToolTipGenerator(this);
[INFO]         ^
[INFO] /home/hafner/Workspace/release/analysis-core/src/main/java/hudson/plugins/analysis/util/model/AnnotationStream.java:21: warning: [deprecation] hudson.util.StringConverter2 in hudson.util has been deprecated
[INFO]         registerConverter(new StringConverter2(), 100);
[INFO]                               ^
[INFO] /home/hafner/Workspace/release/analysis-core/src/main/java/hudson/plugins/analysis/core/AbstractProjectAction.java:269: warning: [deprecation] generateGraph(org.kohsuke.stapler.StaplerRequest,org.kohsuke.stapler.StaplerResponse,org.jfree.chart.JFreeChart,int,int) in hudson.util.ChartUtil has been deprecated
[INFO]                 ChartUtil.generateGraph(request, response, graph, configuration.getWidth(), configuration.getHeight());
[INFO]                          ^
[INFO] /home/hafner/Workspace/release/analysis-core/src/main/java/hudson/plugins/analysis/core/AbstractProjectAction.java:290: warning: [deprecation] generateClickableMap(org.kohsuke.stapler.StaplerRequest,org.kohsuke.stapler.StaplerResponse,org.jfree.chart.JFreeChart,int,int) in hudson.util.ChartUtil has been deprecated
[INFO]             ChartUtil.generateClickableMap(request, response, graph, configuration.getWidth(), configuration.getHeight());
[INFO]                      ^
[INFO] Note: /home/hafner/Workspace/release/analysis-core/src/main/java/hudson/plugins/analysis/core/HealthAwarePublisher.java uses unchecked or unsafe operations.
[INFO] Note: Recompile with -Xlint:unchecked for details.
[INFO] 8 warnings
[INFO] [INFO] [hpi:insert-test {execution: default-insert-test}]
[INFO] [INFO] [groovy:generateTestStubs {execution: test-in-groovy}]
[INFO] [INFO]  No sources found for Java stub generation
[INFO] [INFO] [resources:testResources {execution: default-testResources}]
[INFO] [WARNING] Using platform encoding (UTF-8 actually) to copy filtered resources, i.e. build is platform dependent!
[INFO] [INFO] Copying 10 resources
[INFO] [INFO] [compiler:testCompile {execution: default-testCompile}]
[INFO] [INFO] Compiling 13 source files to /home/hafner/Workspace/release/analysis-core/target/test-classes
[INFO] [INFO] [hpi:test-hpl {execution: default-test-hpl}]
[INFO] [INFO] Generating /home/hafner/Workspace/release/analysis-core/target/test-classes/the.hpl
[INFO] [INFO] [groovy:testCompile {execution: test-in-groovy}]
[INFO] [INFO]  No sources found to compile
[INFO] [INFO] [surefire:test {execution: default-test}]
[INFO] [INFO] Surefire report directory: /home/hafner/Workspace/release/analysis-core/target/surefire-reports
[INFO] 
[INFO] -------------------------------------------------------
[INFO]  T E S T S
[INFO] -------------------------------------------------------
[INFO] Running hudson.plugins.analysis.util.JavaPackageDetectorTest
[INFO] Tests run: 4, Failures: 0, Errors: 0, Skipped: 0, Time elapsed: 0.063 sec
[INFO] Running hudson.plugins.analysis.util.TrendReportHeightValidatorTest
[INFO] Tests run: 2, Failures: 0, Errors: 0, Skipped: 0, Time elapsed: 0.068 sec
[INFO] Running hudson.plugins.analysis.util.ModuleDetectorTest
[INFO] Tests run: 8, Failures: 0, Errors: 0, Skipped: 0, Time elapsed: 0.48 sec
[INFO] Running hudson.plugins.analysis.util.CsharpNamespaceDetectorTest
[INFO] Tests run: 4, Failures: 0, Errors: 0, Skipped: 0, Time elapsed: 0.023 sec
[INFO] Running hudson.plugins.analysis.core.BuildResultEvaluatorTest
[INFO] Tests run: 2, Failures: 0, Errors: 0, Skipped: 0, Time elapsed: 0.371 sec
[INFO] Running hudson.plugins.analysis.graph.HealthGraphTest
[INFO] Tests run: 3, Failures: 0, Errors: 0, Skipped: 0, Time elapsed: 0.117 sec
[INFO] Running hudson.plugins.analysis.util.ThresholdValidatorTest
[INFO] Tests run: 5, Failures: 0, Errors: 0, Skipped: 0, Time elapsed: 0.007 sec
[INFO] Running hudson.plugins.analysis.graph.GraphConfigurationTest
[INFO] Tests run: 2, Failures: 0, Errors: 0, Skipped: 0, Time elapsed: 0.013 sec
[INFO] Running hudson.plugins.analysis.util.EncodingValidatorTest
[INFO] Tests run: 2, Failures: 0, Errors: 0, Skipped: 0, Time elapsed: 0.088 sec
[INFO] Running InjectedTest
[INFO] Tests run: 0, Failures: 0, Errors: 0, Skipped: 0, Time elapsed: 0.004 sec
[INFO] Running hudson.plugins.analysis.core.HealthReportBuilderTest
[INFO] Tests run: 7, Failures: 0, Errors: 0, Skipped: 0, Time elapsed: 0.042 sec
[INFO] Running hudson.plugins.analysis.views.SourceDetailTest
[INFO] Tests run: 4, Failures: 0, Errors: 0, Skipped: 0, Time elapsed: 0.377 sec
[INFO] 
[INFO] Results :
[INFO] 
[INFO] Tests run: 43, Failures: 0, Errors: 0, Skipped: 0
[INFO] 
[INFO] [INFO] [hpi:hpi {execution: default-hpi}]
[INFO] [INFO] Exploding webapp...
[INFO] [INFO] Copy webapp webResources to /home/hafner/Workspace/release/analysis-core/target/analysis-core
[INFO] [INFO] Assembling webapp analysis-core in /home/hafner/Workspace/release/analysis-core/target/analysis-core
[INFO] [INFO] Generating hpi /home/hafner/Workspace/release/analysis-core/target/analysis-core.hpi
[INFO] [INFO] Generating /home/hafner/Workspace/release/analysis-core/target/analysis-core/META-INF/MANIFEST.MF
[INFO] [INFO] Building jar: /home/hafner/Workspace/release/analysis-core/target/analysis-core.hpi
[INFO] [INFO] Building jar: /home/hafner/Workspace/release/analysis-core/target/analysis-core.jar
[INFO] [INFO] ------------------------------------------------------------------------
[INFO] [INFO] BUILD SUCCESSFUL
[INFO] [INFO] ------------------------------------------------------------------------
[INFO] [INFO] Total time: 37 seconds
[INFO] [INFO] Finished at: Sun Dec 27 23:51:23 CET 2009
[INFO] [INFO] Final Memory: 48M/63M
[INFO] [INFO] ------------------------------------------------------------------------
[INFO] Checking in modified POMs...
[INFO] Executing: /bin/sh -c cd /home/hafner/Workspace/release/analysis-core && svn --non-interactive commit --file /tmp/maven-scm-1925792778.commit --targets /tmp/maven-scm-5897878639292226617-targets
[INFO] Working directory: /home/hafner/Workspace/release/analysis-core
[INFO] Tagging release with the label analysis-core-1.1...
[INFO] Executing: /bin/sh -c cd /home/hafner/Workspace/release/analysis-core && svn --non-interactive copy --file /tmp/maven-scm-2077373387.commit --revision 24978 https://svn.dev.java.net/svn/hudson/trunk/hudson/plugins/analysis-core https://svn.dev.java.net/svn/hudson/tags/analysis-core-1.1
[INFO] Working directory: /home/hafner/Workspace/release/analysis-core
[INFO] Transforming 'Hudson Analysis Utilities Plug-in'...
[INFO] Not removing release POMs
[INFO] Checking in modified POMs...
[INFO] Executing: /bin/sh -c cd /home/hafner/Workspace/release/analysis-core && svn --non-interactive commit --file /tmp/maven-scm-1095492093.commit --targets /tmp/maven-scm-6743569669763300260-targets
[INFO] Working directory: /home/hafner/Workspace/release/analysis-core
[INFO] Release preparation complete.
[INFO] [release:perform {execution: default-cli}]
[INFO] Checking out the project to perform the release ...
[INFO] Executing: /bin/sh -c cd /home/hafner/Workspace/release/analysis-core/target && svn --non-interactive checkout https://svn.dev.java.net/svn/hudson/tags/analysis-core-1.1 /home/hafner/Workspace/release/analysis-core/target/checkout
[INFO] Working directory: /home/hafner/Workspace/release/analysis-core/target
[INFO] Executing goals 'deploy hpi:upload hpi:announce'...
[INFO] [INFO] Scanning for projects...
[INFO] [INFO] ------------------------------------------------------------------------
[INFO] [INFO] Building Hudson Analysis Utilities Plug-in
[INFO] [INFO]    task-segment: [deploy, hpi:upload, hpi:announce]
[INFO] [INFO] ------------------------------------------------------------------------
[INFO] [INFO] [enforcer:display-info {execution: default}]
[INFO] [INFO] Maven Version: 2.2.1
[INFO] [INFO] JDK Version: 1.6.0_16 normalized as: 1.6.0-16
[INFO] [INFO] OS Info: Arch: i386 Family: unix Name: linux Version: 2.6.31-16-generic
[INFO] [INFO] [localizer:generate {execution: default}]
[INFO] [INFO] [resources:resources {execution: default-resources}]
[INFO] [WARNING] Using platform encoding (UTF-8 actually) to copy filtered resources, i.e. build is platform dependent!
[INFO] [INFO] Copying 83 resources
[INFO] [INFO] [hpi:apt-compile {execution: default-apt-compile}]
[INFO] [INFO] Compiling 78 source files to /home/hafner/Workspace/release/analysis-core/target/checkout/target/classes
[INFO] Note: Generating hudson/plugins/analysis/core/BuildResult.javadoc
[INFO] Note: Generating hudson/plugins/analysis/core/PluginDescriptor/doCheckDefaultEncoding.stapler
[INFO] Note: Generating hudson/plugins/analysis/core/PluginDescriptor/doCheckPattern.stapler
[INFO] Note: Generating hudson/plugins/analysis/core/PluginDescriptor/doCheckThreshold.stapler
[INFO] Note: Generating hudson/plugins/analysis/core/PluginDescriptor/doCheckHeight.stapler
[INFO] Note: Generating hudson/plugins/analysis/core/ReporterDescriptor/doCheckThreshold.stapler
[INFO] Note: Generating hudson/plugins/analysis/core/ReporterDescriptor/doCheckHeight.stapler
[INFO] /home/hafner/Workspace/release/analysis-core/target/checkout/src/main/java/hudson/plugins/analysis/util/model/AnnotationStream.java:3: warning: [deprecation] hudson.util.StringConverter2 in hudson.util has been deprecated
[INFO] import hudson.util.StringConverter2;
[INFO]                   ^
[INFO] /home/hafner/Workspace/release/analysis-core/target/checkout/src/main/java/hudson/plugins/analysis/util/model/AnnotationStream.java:3: warning: [deprecation] hudson.util.StringConverter2 in hudson.util has been deprecated
[INFO] import hudson.util.StringConverter2;
[INFO]                   ^
[INFO] /home/hafner/Workspace/release/analysis-core/target/checkout/src/main/java/hudson/plugins/analysis/core/AbstractProjectAction.java:269: warning: [deprecation] generateGraph(org.kohsuke.stapler.StaplerRequest,org.kohsuke.stapler.StaplerResponse,org.jfree.chart.JFreeChart,int,int) in hudson.util.ChartUtil has been deprecated
[INFO]                 ChartUtil.generateGraph(request, response, graph, configuration.getWidth(), configuration.getHeight());
[INFO]                          ^
[INFO] /home/hafner/Workspace/release/analysis-core/target/checkout/src/main/java/hudson/plugins/analysis/core/AbstractProjectAction.java:290: warning: [deprecation] generateClickableMap(org.kohsuke.stapler.StaplerRequest,org.kohsuke.stapler.StaplerResponse,org.jfree.chart.JFreeChart,int,int) in hudson.util.ChartUtil has been deprecated
[INFO]             ChartUtil.generateClickableMap(request, response, graph, configuration.getWidth(), configuration.getHeight());
[INFO]                      ^
[INFO] /home/hafner/Workspace/release/analysis-core/target/checkout/src/main/java/hudson/plugins/analysis/util/BoxRenderer.java:35: warning: [deprecation] setItemURLGenerator(org.jfree.chart.urls.CategoryURLGenerator) in org.jfree.chart.renderer.category.AbstractCategoryItemRenderer has been deprecated
[INFO]         setItemURLGenerator(this);
[INFO]         ^
[INFO] /home/hafner/Workspace/release/analysis-core/target/checkout/src/main/java/hudson/plugins/analysis/util/BoxRenderer.java:36: warning: [deprecation] setToolTipGenerator(org.jfree.chart.labels.CategoryToolTipGenerator) in org.jfree.chart.renderer.category.AbstractCategoryItemRenderer has been deprecated
[INFO]         setToolTipGenerator(this);
[INFO]         ^
[INFO] /home/hafner/Workspace/release/analysis-core/target/checkout/src/main/java/hudson/plugins/analysis/graph/GraphConfigurationDetail.java:457: warning: [deprecation] generateGraph(org.kohsuke.stapler.StaplerRequest,org.kohsuke.stapler.StaplerResponse,org.jfree.chart.JFreeChart,int,int) in hudson.util.ChartUtil has been deprecated
[INFO]                 ChartUtil.generateGraph(request, response, graph, DEFAULT_WIDTH, DEFAULT_HEIGHT);
[INFO]                          ^
[INFO] /home/hafner/Workspace/release/analysis-core/target/checkout/src/main/java/hudson/plugins/analysis/graph/GraphConfigurationDetail.java:460: warning: [deprecation] generateClickableMap(org.kohsuke.stapler.StaplerRequest,org.kohsuke.stapler.StaplerResponse,org.jfree.chart.JFreeChart,int,int) in hudson.util.ChartUtil has been deprecated
[INFO]                 ChartUtil.generateClickableMap(request, response, graph, DEFAULT_WIDTH, DEFAULT_HEIGHT);
[INFO]                          ^
[INFO] /home/hafner/Workspace/release/analysis-core/target/checkout/src/main/java/hudson/plugins/analysis/util/model/AnnotationStream.java:21: warning: [deprecation] hudson.util.StringConverter2 in hudson.util has been deprecated
[INFO]         registerConverter(new StringConverter2(), 100);
[INFO]                               ^
[INFO] Note: /home/hafner/Workspace/release/analysis-core/target/checkout/src/main/java/hudson/plugins/analysis/core/HealthAwarePublisher.java uses unchecked or unsafe operations.
[INFO] [INFO] [hpi:insert-test {execution: default-insert-test}]
[INFO] Note: Recompile with -Xlint:unchecked for details.
[INFO] 8 warnings
[INFO] [INFO] [groovy:generateTestStubs {execution: test-in-groovy}]
[INFO] [INFO]  No sources found for Java stub generation
[INFO] [INFO] [resources:testResources {execution: default-testResources}]
[INFO] [WARNING] Using platform encoding (UTF-8 actually) to copy filtered resources, i.e. build is platform dependent!
[INFO] [INFO] Copying 10 resources
[INFO] [INFO] [compiler:testCompile {execution: default-testCompile}]
[INFO] [INFO] Compiling 13 source files to /home/hafner/Workspace/release/analysis-core/target/checkout/target/test-classes
[INFO] [INFO] [hpi:test-hpl {execution: default-test-hpl}]
[INFO] [INFO] Generating /home/hafner/Workspace/release/analysis-core/target/checkout/target/test-classes/the.hpl
[INFO] [INFO] [groovy:testCompile {execution: test-in-groovy}]
[INFO] [INFO]  No sources found to compile
[INFO] [INFO] [surefire:test {execution: default-test}]
[INFO] [INFO] Surefire report directory: /home/hafner/Workspace/release/analysis-core/target/checkout/target/surefire-reports
[INFO] 
[INFO] -------------------------------------------------------
[INFO]  T E S T S
[INFO] -------------------------------------------------------
[INFO] Running hudson.plugins.analysis.util.JavaPackageDetectorTest
[INFO] Tests run: 4, Failures: 0, Errors: 0, Skipped: 0, Time elapsed: 0.065 sec
[INFO] Running hudson.plugins.analysis.util.TrendReportHeightValidatorTest
[INFO] Tests run: 2, Failures: 0, Errors: 0, Skipped: 0, Time elapsed: 0.071 sec
[INFO] Running hudson.plugins.analysis.util.ModuleDetectorTest
[INFO] Tests run: 8, Failures: 0, Errors: 0, Skipped: 0, Time elapsed: 0.528 sec
[INFO] Running hudson.plugins.analysis.util.CsharpNamespaceDetectorTest
[INFO] Tests run: 4, Failures: 0, Errors: 0, Skipped: 0, Time elapsed: 0.024 sec
[INFO] Running hudson.plugins.analysis.core.BuildResultEvaluatorTest
[INFO] Tests run: 2, Failures: 0, Errors: 0, Skipped: 0, Time elapsed: 0.628 sec
[INFO] Running hudson.plugins.analysis.graph.HealthGraphTest
[INFO] Tests run: 3, Failures: 0, Errors: 0, Skipped: 0, Time elapsed: 0.179 sec
[INFO] Running hudson.plugins.analysis.util.ThresholdValidatorTest
[INFO] Tests run: 5, Failures: 0, Errors: 0, Skipped: 0, Time elapsed: 0.019 sec
[INFO] Running hudson.plugins.analysis.graph.GraphConfigurationTest
[INFO] Tests run: 2, Failures: 0, Errors: 0, Skipped: 0, Time elapsed: 0.03 sec
[INFO] Running hudson.plugins.analysis.util.EncodingValidatorTest
[INFO] Tests run: 2, Failures: 0, Errors: 0, Skipped: 0, Time elapsed: 0.158 sec
[INFO] Running InjectedTest
[INFO] Tests run: 0, Failures: 0, Errors: 0, Skipped: 0, Time elapsed: 0.004 sec
[INFO] Running hudson.plugins.analysis.core.HealthReportBuilderTest
[INFO] Tests run: 7, Failures: 0, Errors: 0, Skipped: 0, Time elapsed: 0.056 sec
[INFO] Running hudson.plugins.analysis.views.SourceDetailTest
[INFO] Tests run: 4, Failures: 0, Errors: 0, Skipped: 0, Time elapsed: 0.33 sec
[INFO] 
[INFO] Results :
[INFO] 
[INFO] Tests run: 43, Failures: 0, Errors: 0, Skipped: 0
[INFO] 
[INFO] [INFO] [hpi:hpi {execution: default-hpi}]
[INFO] [INFO] Exploding webapp...
[INFO] [INFO] Copy webapp webResources to /home/hafner/Workspace/release/analysis-core/target/checkout/target/analysis-core
[INFO] [INFO] Assembling webapp analysis-core in /home/hafner/Workspace/release/analysis-core/target/checkout/target/analysis-core
[INFO] [INFO] Generating hpi /home/hafner/Workspace/release/analysis-core/target/checkout/target/analysis-core.hpi
[INFO] [INFO] Generating /home/hafner/Workspace/release/analysis-core/target/checkout/target/analysis-core/META-INF/MANIFEST.MF
[INFO] [INFO] Building jar: /home/hafner/Workspace/release/analysis-core/target/checkout/target/analysis-core.hpi
[INFO] [INFO] Building jar: /home/hafner/Workspace/release/analysis-core/target/checkout/target/analysis-core.jar
[INFO] [INFO] Preparing source:jar
[INFO] [WARNING] Removing: jar from forked lifecycle, to prevent recursive invocation.
[INFO] [INFO] [enforcer:display-info {execution: default}]
[INFO] [INFO] Maven Version: 2.2.1
[INFO] [INFO] JDK Version: 1.6.0_16 normalized as: 1.6.0-16
[INFO] [INFO] OS Info: Arch: i386 Family: unix Name: linux Version: 2.6.31-16-generic
[INFO] [INFO] [localizer:generate {execution: default}]
[INFO] [INFO] [source:jar {execution: attach-sources}]
[INFO] [INFO] Building jar: /home/hafner/Workspace/release/analysis-core/target/checkout/target/analysis-core-sources.jar
[INFO] [INFO] Preparing javadoc:jar
[INFO] [WARNING] Removing: jar from forked lifecycle, to prevent recursive invocation.
[INFO] [WARNING] Removing: jar from forked lifecycle, to prevent recursive invocation.
[INFO] [INFO] [enforcer:display-info {execution: default}]
[INFO] [INFO] Maven Version: 2.2.1
[INFO] [INFO] JDK Version: 1.6.0_16 normalized as: 1.6.0-16
[INFO] [INFO] OS Info: Arch: i386 Family: unix Name: linux Version: 2.6.31-16-generic
[INFO] [INFO] [localizer:generate {execution: default}]
[INFO] [INFO] [javadoc:jar {execution: attach-javadocs}]
[INFO] Loading source files for package hudson.plugins.analysis.util...
[INFO] Loading source files for package hudson.plugins.analysis.util.model...
[INFO] Loading source files for package hudson.plugins.analysis.views...
[INFO] Loading source files for package hudson.plugins.analysis.core...
[INFO] Loading source files for package hudson.plugins.analysis.graph...
[INFO] Loading source files for package hudson.plugins.analysis...
[INFO] Constructing Javadoc information...
[INFO] Standard Doclet version 1.6.0_16
[INFO] Building tree for all the packages and classes...
[INFO] Generating /home/hafner/Workspace/release/analysis-core/target/checkout/target/apidocs/hudson/plugins/analysis/util//AbstractPackageDetector.html...
[INFO] Generating /home/hafner/Workspace/release/analysis-core/target/checkout/target/apidocs/hudson/plugins/analysis/util//AreaRenderer.html...
[INFO] Generating /home/hafner/Workspace/release/analysis-core/target/checkout/target/apidocs/hudson/plugins/analysis/util//BoxRenderer.html...
[INFO] Generating /home/hafner/Workspace/release/analysis-core/target/checkout/target/apidocs/hudson/plugins/analysis/util//CategoryUrlBuilder.html...
[INFO] Generating /home/hafner/Workspace/release/analysis-core/target/checkout/target/apidocs/hudson/plugins/analysis/util//ContextHashCode.html...
[INFO] Generating /home/hafner/Workspace/release/analysis-core/target/checkout/target/apidocs/hudson/plugins/analysis/util//CookieHandler.html...
[INFO] Generating /home/hafner/Workspace/release/analysis-core/target/checkout/target/apidocs/hudson/plugins/analysis/util//CsharpNamespaceDetector.html...
[INFO] Generating /home/hafner/Workspace/release/analysis-core/target/checkout/target/apidocs/hudson/plugins/analysis/util//EncodingValidator.html...
[INFO] Generating /home/hafner/Workspace/release/analysis-core/target/checkout/target/apidocs/hudson/plugins/analysis/util//FileFinder.html...
[INFO] Generating /home/hafner/Workspace/release/analysis-core/target/checkout/target/apidocs/hudson/plugins/analysis/util//FileInputStreamFactory.html...
[INFO] Generating /home/hafner/Workspace/release/analysis-core/target/checkout/target/apidocs/hudson/plugins/analysis/util//JavaPackageDetector.html...
[INFO] Generating /home/hafner/Workspace/release/analysis-core/target/checkout/target/apidocs/hudson/plugins/analysis/util//ModuleDetector.html...
[INFO] Generating /home/hafner/Workspace/release/analysis-core/target/checkout/target/apidocs/hudson/plugins/analysis/util//PackageDetector.html...
[INFO] Generating /home/hafner/Workspace/release/analysis-core/target/checkout/target/apidocs/hudson/plugins/analysis/util//Pair.html...
[INFO] Generating /home/hafner/Workspace/release/analysis-core/target/checkout/target/apidocs/hudson/plugins/analysis/util//PluginLogger.html...
[INFO] Generating /home/hafner/Workspace/release/analysis-core/target/checkout/target/apidocs/hudson/plugins/analysis/util//SerializableToolTipGenerator.html...
[INFO] Generating /home/hafner/Workspace/release/analysis-core/target/checkout/target/apidocs/hudson/plugins/analysis/util//SerializableUrlGenerator.html...
[INFO] Generating /home/hafner/Workspace/release/analysis-core/target/checkout/target/apidocs/hudson/plugins/analysis/util//ThresholdValidator.html...
[INFO] Generating /home/hafner/Workspace/release/analysis-core/target/checkout/target/apidocs/hudson/plugins/analysis/util//ToolTipBuilder.html...
[INFO] Generating /home/hafner/Workspace/release/analysis-core/target/checkout/target/apidocs/hudson/plugins/analysis/util//ToolTipProvider.html...
[INFO] Generating /home/hafner/Workspace/release/analysis-core/target/checkout/target/apidocs/hudson/plugins/analysis/util//TrendReportHeightValidator.html...
[INFO] Generating /home/hafner/Workspace/release/analysis-core/target/checkout/target/apidocs/hudson/plugins/analysis/util//Validator.html...
[INFO] Generating /home/hafner/Workspace/release/analysis-core/target/checkout/target/apidocs/hudson/plugins/analysis/util/model//AbstractAnnotation.html...
[INFO] Generating /home/hafner/Workspace/release/analysis-core/target/checkout/target/apidocs/hudson/plugins/analysis/util/model//AnnotationContainer.html...
[INFO] Generating /home/hafner/Workspace/release/analysis-core/target/checkout/target/apidocs/hudson/plugins/analysis/util/model//AnnotationContainer.Hierarchy.html...
[INFO] Generating /home/hafner/Workspace/release/analysis-core/target/checkout/target/apidocs/hudson/plugins/analysis/util/model//AnnotationProvider.html...
[INFO] Generating /home/hafner/Workspace/release/analysis-core/target/checkout/target/apidocs/hudson/plugins/analysis/util/model//AnnotationStream.html...
[INFO] Generating /home/hafner/Workspace/release/analysis-core/target/checkout/target/apidocs/hudson/plugins/analysis/util/model//DefaultAnnotationContainer.html...
[INFO] Generating /home/hafner/Workspace/release/analysis-core/target/checkout/target/apidocs/hudson/plugins/analysis/util/model//FileAnnotation.html...
[INFO] Generating /home/hafner/Workspace/release/analysis-core/target/checkout/target/apidocs/hudson/plugins/analysis/util/model//JavaPackage.html...
[INFO] Generating /home/hafner/Workspace/release/analysis-core/target/checkout/target/apidocs/hudson/plugins/analysis/util/model//JavaProject.html...
[INFO] Generating /home/hafner/Workspace/release/analysis-core/target/checkout/target/apidocs/hudson/plugins/analysis/util/model//LineRange.html...
[INFO] Generating /home/hafner/Workspace/release/analysis-core/target/checkout/target/apidocs/hudson/plugins/analysis/util/model//MavenModule.html...
[INFO] Generating /home/hafner/Workspace/release/analysis-core/target/checkout/target/apidocs/hudson/plugins/analysis/util/model//Priority.html...
[INFO] Generating /home/hafner/Workspace/release/analysis-core/target/checkout/target/apidocs/hudson/plugins/analysis/util/model//Priority.PriorityConverter.html...
[INFO] Generating /home/hafner/Workspace/release/analysis-core/target/checkout/target/apidocs/hudson/plugins/analysis/util/model//WorkspaceFile.html...
[INFO] Generating /home/hafner/Workspace/release/analysis-core/target/checkout/target/apidocs/hudson/plugins/analysis/views//AbstractAnnotationsDetail.html...
[INFO] Generating /home/hafner/Workspace/release/analysis-core/target/checkout/target/apidocs/hudson/plugins/analysis/views//AttributeDetail.html...
[INFO] Generating /home/hafner/Workspace/release/analysis-core/target/checkout/target/apidocs/hudson/plugins/analysis/views//DetailFactory.html...
[INFO] Generating /home/hafner/Workspace/release/analysis-core/target/checkout/target/apidocs/hudson/plugins/analysis/views//ErrorDetail.html...
[INFO] Generating /home/hafner/Workspace/release/analysis-core/target/checkout/target/apidocs/hudson/plugins/analysis/views//FileDetail.html...
[INFO] Generating /home/hafner/Workspace/release/analysis-core/target/checkout/target/apidocs/hudson/plugins/analysis/views//FixedWarningsDetail.html...
[INFO] Generating /home/hafner/Workspace/release/analysis-core/target/checkout/target/apidocs/hudson/plugins/analysis/views//ModuleDetail.html...
[INFO] Generating /home/hafner/Workspace/release/analysis-core/target/checkout/target/apidocs/hudson/plugins/analysis/views//NewWarningsDetail.html...
[INFO] Generating /home/hafner/Workspace/release/analysis-core/target/checkout/target/apidocs/hudson/plugins/analysis/views//PackageDetail.html...
[INFO] Generating /home/hafner/Workspace/release/analysis-core/target/checkout/target/apidocs/hudson/plugins/analysis/views//PrioritiesDetail.html...
[INFO] Generating /home/hafner/Workspace/release/analysis-core/target/checkout/target/apidocs/hudson/plugins/analysis/views//PriorityDetailFactory.html...
[INFO] Generating /home/hafner/Workspace/release/analysis-core/target/checkout/target/apidocs/hudson/plugins/analysis/views//SourceDetail.html...
[INFO] Generating /home/hafner/Workspace/release/analysis-core/target/checkout/target/apidocs/hudson/plugins/analysis/views//TabDetail.html...
[INFO] Generating /home/hafner/Workspace/release/analysis-core/target/checkout/target/apidocs/hudson/plugins/analysis/core//AbstractAnnotationParser.html...
[INFO] Generating /home/hafner/Workspace/release/analysis-core/target/checkout/target/apidocs/hudson/plugins/analysis/core//AbstractHealthDescriptor.html...
[INFO] Generating /home/hafner/Workspace/release/analysis-core/target/checkout/target/apidocs/hudson/plugins/analysis/core//AbstractProjectAction.html...
[INFO] Generating /home/hafner/Workspace/release/analysis-core/target/checkout/target/apidocs/hudson/plugins/analysis/core//AbstractResultAction.html...
[INFO] Generating /home/hafner/Workspace/release/analysis-core/target/checkout/target/apidocs/hudson/plugins/analysis/core//AnnotationDifferencer.html...
[INFO] Generating /home/hafner/Workspace/release/analysis-core/target/checkout/target/apidocs/hudson/plugins/analysis/core//AnnotationParser.html...
[INFO] Generating /home/hafner/Workspace/release/analysis-core/target/checkout/target/apidocs/hudson/plugins/analysis/core//AnnotationsClassifier.html...
[INFO] Generating /home/hafner/Workspace/release/analysis-core/target/checkout/target/apidocs/hudson/plugins/analysis/core//BuildResult.html...
[INFO] Generating /home/hafner/Workspace/release/analysis-core/target/checkout/target/apidocs/hudson/plugins/analysis/core//BuildResultEvaluator.html...
[INFO] Generating /home/hafner/Workspace/release/analysis-core/target/checkout/target/apidocs/hudson/plugins/analysis/core//FilesParser.html...
[INFO] Generating /home/hafner/Workspace/release/analysis-core/target/checkout/target/apidocs/hudson/plugins/analysis/core//HealthAwareMavenReporter.html...
[INFO] Generating /home/hafner/Workspace/release/analysis-core/target/checkout/target/apidocs/hudson/plugins/analysis/core//HealthAwarePublisher.html...
[INFO] Generating /home/hafner/Workspace/release/analysis-core/target/checkout/target/apidocs/hudson/plugins/analysis/core//HealthDescriptor.html...
[INFO] Generating /home/hafner/Workspace/release/analysis-core/target/checkout/target/apidocs/hudson/plugins/analysis/core//HealthReportBuilder.html...
[INFO] Generating /home/hafner/Workspace/release/analysis-core/target/checkout/target/apidocs/hudson/plugins/analysis/core//NullHealthDescriptor.html...
[INFO] Generating /home/hafner/Workspace/release/analysis-core/target/checkout/target/apidocs/hudson/plugins/analysis/core//ParserResult.html...
[INFO] Generating /home/hafner/Workspace/release/analysis-core/target/checkout/target/apidocs/hudson/plugins/analysis/core//PluginDescriptor.html...
[INFO] Generating /home/hafner/Workspace/release/analysis-core/target/checkout/target/apidocs/hudson/plugins/analysis/core//ReporterDescriptor.html...
[INFO] Generating /home/hafner/Workspace/release/analysis-core/target/checkout/target/apidocs/hudson/plugins/analysis/core//ResultAction.html...
[INFO] Generating /home/hafner/Workspace/release/analysis-core/target/checkout/target/apidocs/hudson/plugins/analysis/graph//BuildResultGraph.html...
[INFO] Generating /home/hafner/Workspace/release/analysis-core/target/checkout/target/apidocs/hudson/plugins/analysis/graph//CategoryBuildResultGraph.html...
[INFO] Generating /home/hafner/Workspace/release/analysis-core/target/checkout/target/apidocs/hudson/plugins/analysis/graph//DefaultGraphConfigurationDetail.html...
[INFO] Generating /home/hafner/Workspace/release/analysis-core/target/checkout/target/apidocs/hudson/plugins/analysis/graph//DifferenceGraph.html...
[INFO] Generating /home/hafner/Workspace/release/analysis-core/target/checkout/target/apidocs/hudson/plugins/analysis/graph//GraphConfiguration.html...
[INFO] Generating /home/hafner/Workspace/release/analysis-core/target/checkout/target/apidocs/hudson/plugins/analysis/graph//GraphConfigurationDetail.html...
[INFO] Generating /home/hafner/Workspace/release/analysis-core/target/checkout/target/apidocs/hudson/plugins/analysis/graph//GraphType.html...
[INFO] Generating /home/hafner/Workspace/release/analysis-core/target/checkout/target/apidocs/hudson/plugins/analysis/graph//HealthGraph.html...
[INFO] Generating /home/hafner/Workspace/release/analysis-core/target/checkout/target/apidocs/hudson/plugins/analysis/graph//NewVersusFixedGraph.html...
[INFO] Generating /home/hafner/Workspace/release/analysis-core/target/checkout/target/apidocs/hudson/plugins/analysis/graph//PriorityGraph.html...
[INFO] Generating /home/hafner/Workspace/release/analysis-core/target/checkout/target/apidocs/hudson/plugins/analysis/graph//UserGraphConfigurationDetail.html...
[INFO] Generating /home/hafner/Workspace/release/analysis-core/target/checkout/target/apidocs/hudson/plugins/analysis//Messages.html...
[INFO] Generating /home/hafner/Workspace/release/analysis-core/target/checkout/target/apidocs/overview-frame.html...
[INFO] Generating /home/hafner/Workspace/release/analysis-core/target/checkout/target/apidocs/hudson/plugins/analysis//package-frame.html...
[INFO] Generating /home/hafner/Workspace/release/analysis-core/target/checkout/target/apidocs/hudson/plugins/analysis//package-summary.html...
[INFO] Generating /home/hafner/Workspace/release/analysis-core/target/checkout/target/apidocs/hudson/plugins/analysis//package-tree.html...
[INFO] Generating /home/hafner/Workspace/release/analysis-core/target/checkout/target/apidocs/hudson/plugins/analysis/core//package-frame.html...
[INFO] Generating /home/hafner/Workspace/release/analysis-core/target/checkout/target/apidocs/hudson/plugins/analysis/core//package-summary.html...
[INFO] Generating /home/hafner/Workspace/release/analysis-core/target/checkout/target/apidocs/hudson/plugins/analysis/core//package-tree.html...
[INFO] Generating /home/hafner/Workspace/release/analysis-core/target/checkout/target/apidocs/hudson/plugins/analysis/graph//package-frame.html...
[INFO] Generating /home/hafner/Workspace/release/analysis-core/target/checkout/target/apidocs/hudson/plugins/analysis/graph//package-summary.html...
[INFO] Generating /home/hafner/Workspace/release/analysis-core/target/checkout/target/apidocs/hudson/plugins/analysis/graph//package-tree.html...
[INFO] Generating /home/hafner/Workspace/release/analysis-core/target/checkout/target/apidocs/hudson/plugins/analysis/util//package-frame.html...
[INFO] Generating /home/hafner/Workspace/release/analysis-core/target/checkout/target/apidocs/hudson/plugins/analysis/util//package-summary.html...
[INFO] Generating /home/hafner/Workspace/release/analysis-core/target/checkout/target/apidocs/hudson/plugins/analysis/util//package-tree.html...
[INFO] Generating /home/hafner/Workspace/release/analysis-core/target/checkout/target/apidocs/hudson/plugins/analysis/util/model//package-frame.html...
[INFO] Generating /home/hafner/Workspace/release/analysis-core/target/checkout/target/apidocs/hudson/plugins/analysis/util/model//package-summary.html...
[INFO] Generating /home/hafner/Workspace/release/analysis-core/target/checkout/target/apidocs/hudson/plugins/analysis/util/model//package-tree.html...
[INFO] Generating /home/hafner/Workspace/release/analysis-core/target/checkout/target/apidocs/hudson/plugins/analysis/views//package-frame.html...
[INFO] Generating /home/hafner/Workspace/release/analysis-core/target/checkout/target/apidocs/hudson/plugins/analysis/views//package-summary.html...
[INFO] Generating /home/hafner/Workspace/release/analysis-core/target/checkout/target/apidocs/hudson/plugins/analysis/views//package-tree.html...
[INFO] Generating /home/hafner/Workspace/release/analysis-core/target/checkout/target/apidocs/constant-values.html...
[INFO] Generating /home/hafner/Workspace/release/analysis-core/target/checkout/target/apidocs/serialized-form.html...
[INFO] Generating /home/hafner/Workspace/release/analysis-core/target/checkout/target/apidocs/hudson/plugins/analysis/util//class-use/SerializableUrlGenerator.html...
[INFO] Generating /home/hafner/Workspace/release/analysis-core/target/checkout/target/apidocs/hudson/plugins/analysis/util//class-use/EncodingValidator.html...
[INFO] Generating /home/hafner/Workspace/release/analysis-core/target/checkout/target/apidocs/hudson/plugins/analysis/util//class-use/BoxRenderer.html...
[INFO] Generating /home/hafner/Workspace/release/analysis-core/target/checkout/target/apidocs/hudson/plugins/analysis/util//class-use/AbstractPackageDetector.html...
[INFO] Generating /home/hafner/Workspace/release/analysis-core/target/checkout/target/apidocs/hudson/plugins/analysis/util//class-use/ToolTipProvider.html...
[INFO] Generating /home/hafner/Workspace/release/analysis-core/target/checkout/target/apidocs/hudson/plugins/analysis/util//class-use/PackageDetector.html...
[INFO] Generating /home/hafner/Workspace/release/analysis-core/target/checkout/target/apidocs/hudson/plugins/analysis/util//class-use/Validator.html...
[INFO] Generating /home/hafner/Workspace/release/analysis-core/target/checkout/target/apidocs/hudson/plugins/analysis/util//class-use/ModuleDetector.html...
[INFO] Generating /home/hafner/Workspace/release/analysis-core/target/checkout/target/apidocs/hudson/plugins/analysis/util//class-use/TrendReportHeightValidator.html...
[INFO] Generating /home/hafner/Workspace/release/analysis-core/target/checkout/target/apidocs/hudson/plugins/analysis/util//class-use/CookieHandler.html...
[INFO] Generating /home/hafner/Workspace/release/analysis-core/target/checkout/target/apidocs/hudson/plugins/analysis/util//class-use/JavaPackageDetector.html...
[INFO] Generating /home/hafner/Workspace/release/analysis-core/target/checkout/target/apidocs/hudson/plugins/analysis/util//class-use/PluginLogger.html...
[INFO] Generating /home/hafner/Workspace/release/analysis-core/target/checkout/target/apidocs/hudson/plugins/analysis/util//class-use/ThresholdValidator.html...
[INFO] Generating /home/hafner/Workspace/release/analysis-core/target/checkout/target/apidocs/hudson/plugins/analysis/util//class-use/Pair.html...
[INFO] Generating /home/hafner/Workspace/release/analysis-core/target/checkout/target/apidocs/hudson/plugins/analysis/util//class-use/FileFinder.html...
[INFO] Generating /home/hafner/Workspace/release/analysis-core/target/checkout/target/apidocs/hudson/plugins/analysis/util//class-use/AreaRenderer.html...
[INFO] Generating /home/hafner/Workspace/release/analysis-core/target/checkout/target/apidocs/hudson/plugins/analysis/util//class-use/CsharpNamespaceDetector.html...
[INFO] Generating /home/hafner/Workspace/release/analysis-core/target/checkout/target/apidocs/hudson/plugins/analysis/util//class-use/ContextHashCode.html...
[INFO] Generating /home/hafner/Workspace/release/analysis-core/target/checkout/target/apidocs/hudson/plugins/analysis/util//class-use/ToolTipBuilder.html...
[INFO] Generating /home/hafner/Workspace/release/analysis-core/target/checkout/target/apidocs/hudson/plugins/analysis/util//class-use/CategoryUrlBuilder.html...
[INFO] Generating /home/hafner/Workspace/release/analysis-core/target/checkout/target/apidocs/hudson/plugins/analysis/util//class-use/SerializableToolTipGenerator.html...
[INFO] Generating /home/hafner/Workspace/release/analysis-core/target/checkout/target/apidocs/hudson/plugins/analysis/util//class-use/FileInputStreamFactory.html...
[INFO] Generating /home/hafner/Workspace/release/analysis-core/target/checkout/target/apidocs/hudson/plugins/analysis/util/model//class-use/AbstractAnnotation.html...
[INFO] Generating /home/hafner/Workspace/release/analysis-core/target/checkout/target/apidocs/hudson/plugins/analysis/util/model//class-use/MavenModule.html...
[INFO] Generating /home/hafner/Workspace/release/analysis-core/target/checkout/target/apidocs/hudson/plugins/analysis/util/model//class-use/DefaultAnnotationContainer.html...
[INFO] Generating /home/hafner/Workspace/release/analysis-core/target/checkout/target/apidocs/hudson/plugins/analysis/util/model//class-use/Priority.html...
[INFO] Generating /home/hafner/Workspace/release/analysis-core/target/checkout/target/apidocs/hudson/plugins/analysis/util/model//class-use/Priority.PriorityConverter.html...
[INFO] Generating /home/hafner/Workspace/release/analysis-core/target/checkout/target/apidocs/hudson/plugins/analysis/util/model//class-use/WorkspaceFile.html...
[INFO] Generating /home/hafner/Workspace/release/analysis-core/target/checkout/target/apidocs/hudson/plugins/analysis/util/model//class-use/AnnotationProvider.html...
[INFO] Generating /home/hafner/Workspace/release/analysis-core/target/checkout/target/apidocs/hudson/plugins/analysis/util/model//class-use/JavaPackage.html...
[INFO] Generating /home/hafner/Workspace/release/analysis-core/target/checkout/target/apidocs/hudson/plugins/analysis/util/model//class-use/JavaProject.html...
[INFO] Generating /home/hafner/Workspace/release/analysis-core/target/checkout/target/apidocs/hudson/plugins/analysis/util/model//class-use/AnnotationContainer.html...
[INFO] Generating /home/hafner/Workspace/release/analysis-core/target/checkout/target/apidocs/hudson/plugins/analysis/util/model//class-use/AnnotationContainer.Hierarchy.html...
[INFO] Generating /home/hafner/Workspace/release/analysis-core/target/checkout/target/apidocs/hudson/plugins/analysis/util/model//class-use/FileAnnotation.html...
[INFO] Generating /home/hafner/Workspace/release/analysis-core/target/checkout/target/apidocs/hudson/plugins/analysis/util/model//class-use/AnnotationStream.html...
[INFO] Generating /home/hafner/Workspace/release/analysis-core/target/checkout/target/apidocs/hudson/plugins/analysis/util/model//class-use/LineRange.html...
[INFO] Generating /home/hafner/Workspace/release/analysis-core/target/checkout/target/apidocs/hudson/plugins/analysis/views//class-use/SourceDetail.html...
[INFO] Generating /home/hafner/Workspace/release/analysis-core/target/checkout/target/apidocs/hudson/plugins/analysis/views//class-use/FixedWarningsDetail.html...
[INFO] Generating /home/hafner/Workspace/release/analysis-core/target/checkout/target/apidocs/hudson/plugins/analysis/views//class-use/PackageDetail.html...
[INFO] Generating /home/hafner/Workspace/release/analysis-core/target/checkout/target/apidocs/hudson/plugins/analysis/views//class-use/NewWarningsDetail.html...
[INFO] Generating /home/hafner/Workspace/release/analysis-core/target/checkout/target/apidocs/hudson/plugins/analysis/views//class-use/DetailFactory.html...
[INFO] Generating /home/hafner/Workspace/release/analysis-core/target/checkout/target/apidocs/hudson/plugins/analysis/views//class-use/PriorityDetailFactory.html...
[INFO] Generating /home/hafner/Workspace/release/analysis-core/target/checkout/target/apidocs/hudson/plugins/analysis/views//class-use/AttributeDetail.html...
[INFO] Generating /home/hafner/Workspace/release/analysis-core/target/checkout/target/apidocs/hudson/plugins/analysis/views//class-use/FileDetail.html...
[INFO] Generating /home/hafner/Workspace/release/analysis-core/target/checkout/target/apidocs/hudson/plugins/analysis/views//class-use/AbstractAnnotationsDetail.html...
[INFO] Generating /home/hafner/Workspace/release/analysis-core/target/checkout/target/apidocs/hudson/plugins/analysis/views//class-use/ErrorDetail.html...
[INFO] Generating /home/hafner/Workspace/release/analysis-core/target/checkout/target/apidocs/hudson/plugins/analysis/views//class-use/TabDetail.html...
[INFO] Generating /home/hafner/Workspace/release/analysis-core/target/checkout/target/apidocs/hudson/plugins/analysis/views//class-use/ModuleDetail.html...
[INFO] Generating /home/hafner/Workspace/release/analysis-core/target/checkout/target/apidocs/hudson/plugins/analysis/views//class-use/PrioritiesDetail.html...
[INFO] Generating /home/hafner/Workspace/release/analysis-core/target/checkout/target/apidocs/hudson/plugins/analysis/core//class-use/AnnotationDifferencer.html...
[INFO] Generating /home/hafner/Workspace/release/analysis-core/target/checkout/target/apidocs/hudson/plugins/analysis/core//class-use/AbstractAnnotationParser.html...
[INFO] Generating /home/hafner/Workspace/release/analysis-core/target/checkout/target/apidocs/hudson/plugins/analysis/core//class-use/BuildResultEvaluator.html...
[INFO] Generating /home/hafner/Workspace/release/analysis-core/target/checkout/target/apidocs/hudson/plugins/analysis/core//class-use/AbstractProjectAction.html...
[INFO] Generating /home/hafner/Workspace/release/analysis-core/target/checkout/target/apidocs/hudson/plugins/analysis/core//class-use/AbstractResultAction.html...
[INFO] Generating /home/hafner/Workspace/release/analysis-core/target/checkout/target/apidocs/hudson/plugins/analysis/core//class-use/HealthAwareMavenReporter.html...
[INFO] Generating /home/hafner/Workspace/release/analysis-core/target/checkout/target/apidocs/hudson/plugins/analysis/core//class-use/AnnotationParser.html...
[INFO] Generating /home/hafner/Workspace/release/analysis-core/target/checkout/target/apidocs/hudson/plugins/analysis/core//class-use/ParserResult.html...
[INFO] Generating /home/hafner/Workspace/release/analysis-core/target/checkout/target/apidocs/hudson/plugins/analysis/core//class-use/ResultAction.html...
[INFO] Generating /home/hafner/Workspace/release/analysis-core/target/checkout/target/apidocs/hudson/plugins/analysis/core//class-use/NullHealthDescriptor.html...
[INFO] Generating /home/hafner/Workspace/release/analysis-core/target/checkout/target/apidocs/hudson/plugins/analysis/core//class-use/HealthAwarePublisher.html...
[INFO] Generating /home/hafner/Workspace/release/analysis-core/target/checkout/target/apidocs/hudson/plugins/analysis/core//class-use/FilesParser.html...
[INFO] Generating /home/hafner/Workspace/release/analysis-core/target/checkout/target/apidocs/hudson/plugins/analysis/core//class-use/AnnotationsClassifier.html...
[INFO] Generating /home/hafner/Workspace/release/analysis-core/target/checkout/target/apidocs/hudson/plugins/analysis/core//class-use/PluginDescriptor.html...
[INFO] Generating /home/hafner/Workspace/release/analysis-core/target/checkout/target/apidocs/hudson/plugins/analysis/core//class-use/HealthDescriptor.html...
[INFO] Generating /home/hafner/Workspace/release/analysis-core/target/checkout/target/apidocs/hudson/plugins/analysis/core//class-use/HealthReportBuilder.html...
[INFO] Generating /home/hafner/Workspace/release/analysis-core/target/checkout/target/apidocs/hudson/plugins/analysis/core//class-use/ReporterDescriptor.html...
[INFO] Generating /home/hafner/Workspace/release/analysis-core/target/checkout/target/apidocs/hudson/plugins/analysis/core//class-use/AbstractHealthDescriptor.html...
[INFO] Generating /home/hafner/Workspace/release/analysis-core/target/checkout/target/apidocs/hudson/plugins/analysis/core//class-use/BuildResult.html...
[INFO] Generating /home/hafner/Workspace/release/analysis-core/target/checkout/target/apidocs/hudson/plugins/analysis/graph//class-use/GraphType.html...
[INFO] Generating /home/hafner/Workspace/release/analysis-core/target/checkout/target/apidocs/hudson/plugins/analysis/graph//class-use/CategoryBuildResultGraph.html...
[INFO] Generating /home/hafner/Workspace/release/analysis-core/target/checkout/target/apidocs/hudson/plugins/analysis/graph//class-use/NewVersusFixedGraph.html...
[INFO] Generating /home/hafner/Workspace/release/analysis-core/target/checkout/target/apidocs/hudson/plugins/analysis/graph//class-use/GraphConfiguration.html...
[INFO] Generating /home/hafner/Workspace/release/analysis-core/target/checkout/target/apidocs/hudson/plugins/analysis/graph//class-use/GraphConfigurationDetail.html...
[INFO] Generating /home/hafner/Workspace/release/analysis-core/target/checkout/target/apidocs/hudson/plugins/analysis/graph//class-use/DifferenceGraph.html...
[INFO] Generating /home/hafner/Workspace/release/analysis-core/target/checkout/target/apidocs/hudson/plugins/analysis/graph//class-use/DefaultGraphConfigurationDetail.html...
[INFO] Generating /home/hafner/Workspace/release/analysis-core/target/checkout/target/apidocs/hudson/plugins/analysis/graph//class-use/UserGraphConfigurationDetail.html...
[INFO] Generating /home/hafner/Workspace/release/analysis-core/target/checkout/target/apidocs/hudson/plugins/analysis/graph//class-use/HealthGraph.html...
[INFO] Generating /home/hafner/Workspace/release/analysis-core/target/checkout/target/apidocs/hudson/plugins/analysis/graph//class-use/BuildResultGraph.html...
[INFO] Generating /home/hafner/Workspace/release/analysis-core/target/checkout/target/apidocs/hudson/plugins/analysis/graph//class-use/PriorityGraph.html...
[INFO] Generating /home/hafner/Workspace/release/analysis-core/target/checkout/target/apidocs/hudson/plugins/analysis//class-use/Messages.html...
[INFO] Generating /home/hafner/Workspace/release/analysis-core/target/checkout/target/apidocs/hudson/plugins/analysis//package-use.html...
[INFO] Generating /home/hafner/Workspace/release/analysis-core/target/checkout/target/apidocs/hudson/plugins/analysis/core//package-use.html...
[INFO] Generating /home/hafner/Workspace/release/analysis-core/target/checkout/target/apidocs/hudson/plugins/analysis/graph//package-use.html...
[INFO] Generating /home/hafner/Workspace/release/analysis-core/target/checkout/target/apidocs/hudson/plugins/analysis/util//package-use.html...
[INFO] Generating /home/hafner/Workspace/release/analysis-core/target/checkout/target/apidocs/hudson/plugins/analysis/util/model//package-use.html...
[INFO] Generating /home/hafner/Workspace/release/analysis-core/target/checkout/target/apidocs/hudson/plugins/analysis/views//package-use.html...
[INFO] Building index for all the packages and classes...
[INFO] Generating /home/hafner/Workspace/release/analysis-core/target/checkout/target/apidocs/overview-tree.html...
[INFO] Generating /home/hafner/Workspace/release/analysis-core/target/checkout/target/apidocs/index-all.html...
[INFO] Generating /home/hafner/Workspace/release/analysis-core/target/checkout/target/apidocs/deprecated-list.html...
[INFO] Building index for all classes...
[INFO] Generating /home/hafner/Workspace/release/analysis-core/target/checkout/target/apidocs/allclasses-frame.html...
[INFO] Generating /home/hafner/Workspace/release/analysis-core/target/checkout/target/apidocs/allclasses-noframe.html...
[INFO] Generating /home/hafner/Workspace/release/analysis-core/target/checkout/target/apidocs/index.html...
[INFO] Generating /home/hafner/Workspace/release/analysis-core/target/checkout/target/apidocs/overview-summary.html...
[INFO] Generating /home/hafner/Workspace/release/analysis-core/target/checkout/target/apidocs/help-doc.html...
[INFO] Generating /home/hafner/Workspace/release/analysis-core/target/checkout/target/apidocs/stylesheet.css...
[INFO] [INFO] Building jar: /home/hafner/Workspace/release/analysis-core/target/checkout/target/analysis-core-javadoc.jar
[INFO] [INFO] [install:install {execution: default-install}]
[INFO] [INFO] Installing /home/hafner/Workspace/release/analysis-core/target/checkout/target/analysis-core.hpi to /home/hafner/.m2/repository/org/jvnet/hudson/plugins/analysis-core/1.1/analysis-core-1.1.hpi
[INFO] [INFO] Installing /home/hafner/Workspace/release/analysis-core/target/checkout/target/analysis-core.jar to /home/hafner/.m2/repository/org/jvnet/hudson/plugins/analysis-core/1.1/analysis-core-1.1.jar
[INFO] [INFO] Installing /home/hafner/Workspace/release/analysis-core/target/checkout/target/analysis-core-sources.jar to /home/hafner/.m2/repository/org/jvnet/hudson/plugins/analysis-core/1.1/analysis-core-1.1-sources.jar
[INFO] [INFO] Installing /home/hafner/Workspace/release/analysis-core/target/checkout/target/analysis-core-javadoc.jar to /home/hafner/.m2/repository/org/jvnet/hudson/plugins/analysis-core/1.1/analysis-core-1.1-javadoc.jar
[INFO] [INFO] [deploy:deploy {execution: default-deploy}]
[INFO] Uploading: java-net:/maven2-repository/trunk/repository//trunk/repository/org/jvnet/hudson/plugins/analysis-core/1.1/analysis-core-1.1.hpi
[INFO] 
[INFO] [INFO] Retrieving previous metadata from java.net-m2-repository
[INFO] [INFO] Uploading repository metadata for: 'artifact org.jvnet.hudson.plugins:analysis-core'
[INFO] [INFO] Uploading project information for analysis-core 1.1
[INFO] Uploading: java-net:/maven2-repository/trunk/repository//trunk/repository/org/jvnet/hudson/plugins/analysis-core/1.1/analysis-core-1.1.jar
[INFO] 
[INFO] Uploading: java-net:/maven2-repository/trunk/repository//trunk/repository/org/jvnet/hudson/plugins/analysis-core/1.1/analysis-core-1.1-sources.jar
[INFO] 
[INFO] Uploading: java-net:/maven2-repository/trunk/repository//trunk/repository/org/jvnet/hudson/plugins/analysis-core/1.1/analysis-core-1.1-javadoc.jar
[INFO] 
[INFO] [INFO] Preparing hpi:upload
[INFO] [INFO] [enforcer:display-info {execution: default}]
[INFO] [INFO] Maven Version: 2.2.1
[INFO] [INFO] JDK Version: 1.6.0_16 normalized as: 1.6.0-16
[INFO] [INFO] OS Info: Arch: i386 Family: unix Name: linux Version: 2.6.31-16-generic
[INFO] [INFO] [localizer:generate {execution: default}]
[INFO] [INFO] [resources:resources {execution: default-resources}]
[INFO] [WARNING] Using platform encoding (UTF-8 actually) to copy filtered resources, i.e. build is platform dependent!
[INFO] [INFO] Copying 83 resources
[INFO] [INFO] [hpi:apt-compile {execution: default-apt-compile}]
[INFO] [INFO] Nothing to compile - all classes are up to date
[INFO] [INFO] [hpi:insert-test {execution: default-insert-test}]
[INFO] [INFO] [groovy:generateTestStubs {execution: test-in-groovy}]
[INFO] [INFO]  No sources found for Java stub generation
[INFO] [INFO] [resources:testResources {execution: default-testResources}]
[INFO] [WARNING] Using platform encoding (UTF-8 actually) to copy filtered resources, i.e. build is platform dependent!
[INFO] [INFO] Copying 10 resources
[INFO] [INFO] [compiler:testCompile {execution: default-testCompile}]
[INFO] [INFO] Nothing to compile - all classes are up to date
[INFO] [INFO] [hpi:test-hpl {execution: default-test-hpl}]
[INFO] [INFO] Generating /home/hafner/Workspace/release/analysis-core/target/checkout/target/test-classes/the.hpl
[INFO] [INFO] [groovy:testCompile {execution: test-in-groovy}]
[INFO] [INFO]  No sources found to compile
[INFO] [INFO] [surefire:test {execution: default-test}]
[INFO] [INFO] Surefire report directory: /home/hafner/Workspace/release/analysis-core/target/checkout/target/surefire-reports
[INFO] 
[INFO] -------------------------------------------------------
[INFO]  T E S T S
[INFO] -------------------------------------------------------
[INFO] Running hudson.plugins.analysis.util.JavaPackageDetectorTest
[INFO] Tests run: 4, Failures: 0, Errors: 0, Skipped: 0, Time elapsed: 0.087 sec
[INFO] Running hudson.plugins.analysis.util.TrendReportHeightValidatorTest
[INFO] Tests run: 2, Failures: 0, Errors: 0, Skipped: 0, Time elapsed: 0.103 sec
[INFO] Running hudson.plugins.analysis.util.ModuleDetectorTest
[INFO] Tests run: 8, Failures: 0, Errors: 0, Skipped: 0, Time elapsed: 0.777 sec
[INFO] Running hudson.plugins.analysis.util.CsharpNamespaceDetectorTest
[INFO] Tests run: 4, Failures: 0, Errors: 0, Skipped: 0, Time elapsed: 0.024 sec
[INFO] Running hudson.plugins.analysis.core.BuildResultEvaluatorTest
[INFO] Tests run: 2, Failures: 0, Errors: 0, Skipped: 0, Time elapsed: 0.476 sec
[INFO] Running hudson.plugins.analysis.graph.HealthGraphTest
[INFO] Tests run: 3, Failures: 0, Errors: 0, Skipped: 0, Time elapsed: 0.145 sec
[INFO] Running hudson.plugins.analysis.util.ThresholdValidatorTest
[INFO] Tests run: 5, Failures: 0, Errors: 0, Skipped: 0, Time elapsed: 0.012 sec
[INFO] Running hudson.plugins.analysis.graph.GraphConfigurationTest
[INFO] Tests run: 2, Failures: 0, Errors: 0, Skipped: 0, Time elapsed: 0.017 sec
[INFO] Running hudson.plugins.analysis.util.EncodingValidatorTest
[INFO] Tests run: 2, Failures: 0, Errors: 0, Skipped: 0, Time elapsed: 0.089 sec
[INFO] Running InjectedTest
[INFO] Tests run: 0, Failures: 0, Errors: 0, Skipped: 0, Time elapsed: 0.009 sec
[INFO] Running hudson.plugins.analysis.core.HealthReportBuilderTest
[INFO] Tests run: 7, Failures: 0, Errors: 0, Skipped: 0, Time elapsed: 0.051 sec
[INFO] Running hudson.plugins.analysis.views.SourceDetailTest
[INFO] Tests run: 4, Failures: 0, Errors: 0, Skipped: 0, Time elapsed: 0.815 sec
[INFO] 
[INFO] Results :
[INFO] 
[INFO] Tests run: 43, Failures: 0, Errors: 0, Skipped: 0
[INFO] 
[INFO] [INFO] [hpi:hpi {execution: default-hpi}]
[INFO] [INFO] Exploding webapp...
[INFO] [INFO] Copy webapp webResources to /home/hafner/Workspace/release/analysis-core/target/checkout/target/analysis-core
[INFO] [INFO] Assembling webapp analysis-core in /home/hafner/Workspace/release/analysis-core/target/checkout/target/analysis-core
[INFO] [INFO] Generating hpi /home/hafner/Workspace/release/analysis-core/target/checkout/target/analysis-core.hpi
[INFO] [INFO] Generating /home/hafner/Workspace/release/analysis-core/target/checkout/target/analysis-core/META-INF/MANIFEST.MF
[INFO] [INFO] Building jar: /home/hafner/Workspace/release/analysis-core/target/checkout/target/analysis-core.hpi
[INFO] [INFO] Building jar: /home/hafner/Workspace/release/analysis-core/target/checkout/target/analysis-core.jar
[INFO] [INFO] Preparing source:jar
[INFO] [WARNING] Removing: jar from forked lifecycle, to prevent recursive invocation.
[INFO] [INFO] [enforcer:display-info {execution: default}]
[INFO] [INFO] Maven Version: 2.2.1
[INFO] [INFO] JDK Version: 1.6.0_16 normalized as: 1.6.0-16
[INFO] [INFO] OS Info: Arch: i386 Family: unix Name: linux Version: 2.6.31-16-generic
[INFO] [INFO] [localizer:generate {execution: default}]
[INFO] [INFO] [source:jar {execution: attach-sources}]
[INFO] [INFO] Building jar: /home/hafner/Workspace/release/analysis-core/target/checkout/target/analysis-core-sources.jar
[INFO] [INFO] Preparing javadoc:jar
[INFO] [WARNING] Removing: jar from forked lifecycle, to prevent recursive invocation.
[INFO] [WARNING] Removing: jar from forked lifecycle, to prevent recursive invocation.
[INFO] [INFO] [enforcer:display-info {execution: default}]
[INFO] [INFO] Maven Version: 2.2.1
[INFO] [INFO] JDK Version: 1.6.0_16 normalized as: 1.6.0-16
[INFO] [INFO] OS Info: Arch: i386 Family: unix Name: linux Version: 2.6.31-16-generic
[INFO] [INFO] [localizer:generate {execution: default}]
[INFO] [INFO] [javadoc:jar {execution: attach-javadocs}]
[INFO] Loading source files for package hudson.plugins.analysis.util...
[INFO] Loading source files for package hudson.plugins.analysis.util.model...
[INFO] Loading source files for package hudson.plugins.analysis.views...
[INFO] Loading source files for package hudson.plugins.analysis.core...
[INFO] Loading source files for package hudson.plugins.analysis.graph...
[INFO] Loading source files for package hudson.plugins.analysis...
[INFO] Constructing Javadoc information...
[INFO] Standard Doclet version 1.6.0_16
[INFO] Building tree for all the packages and classes...
[INFO] Generating /home/hafner/Workspace/release/analysis-core/target/checkout/target/apidocs/hudson/plugins/analysis/util//AbstractPackageDetector.html...
[INFO] Generating /home/hafner/Workspace/release/analysis-core/target/checkout/target/apidocs/hudson/plugins/analysis/util//AreaRenderer.html...
[INFO] Generating /home/hafner/Workspace/release/analysis-core/target/checkout/target/apidocs/hudson/plugins/analysis/util//BoxRenderer.html...
[INFO] Generating /home/hafner/Workspace/release/analysis-core/target/checkout/target/apidocs/hudson/plugins/analysis/util//CategoryUrlBuilder.html...
[INFO] Generating /home/hafner/Workspace/release/analysis-core/target/checkout/target/apidocs/hudson/plugins/analysis/util//ContextHashCode.html...
[INFO] Generating /home/hafner/Workspace/release/analysis-core/target/checkout/target/apidocs/hudson/plugins/analysis/util//CookieHandler.html...
[INFO] Generating /home/hafner/Workspace/release/analysis-core/target/checkout/target/apidocs/hudson/plugins/analysis/util//CsharpNamespaceDetector.html...
[INFO] Generating /home/hafner/Workspace/release/analysis-core/target/checkout/target/apidocs/hudson/plugins/analysis/util//EncodingValidator.html...
[INFO] Generating /home/hafner/Workspace/release/analysis-core/target/checkout/target/apidocs/hudson/plugins/analysis/util//FileFinder.html...
[INFO] Generating /home/hafner/Workspace/release/analysis-core/target/checkout/target/apidocs/hudson/plugins/analysis/util//FileInputStreamFactory.html...
[INFO] Generating /home/hafner/Workspace/release/analysis-core/target/checkout/target/apidocs/hudson/plugins/analysis/util//JavaPackageDetector.html...
[INFO] Generating /home/hafner/Workspace/release/analysis-core/target/checkout/target/apidocs/hudson/plugins/analysis/util//ModuleDetector.html...
[INFO] Generating /home/hafner/Workspace/release/analysis-core/target/checkout/target/apidocs/hudson/plugins/analysis/util//PackageDetector.html...
[INFO] Generating /home/hafner/Workspace/release/analysis-core/target/checkout/target/apidocs/hudson/plugins/analysis/util//Pair.html...
[INFO] Generating /home/hafner/Workspace/release/analysis-core/target/checkout/target/apidocs/hudson/plugins/analysis/util//PluginLogger.html...
[INFO] Generating /home/hafner/Workspace/release/analysis-core/target/checkout/target/apidocs/hudson/plugins/analysis/util//SerializableToolTipGenerator.html...
[INFO] Generating /home/hafner/Workspace/release/analysis-core/target/checkout/target/apidocs/hudson/plugins/analysis/util//SerializableUrlGenerator.html...
[INFO] Generating /home/hafner/Workspace/release/analysis-core/target/checkout/target/apidocs/hudson/plugins/analysis/util//ThresholdValidator.html...
[INFO] Generating /home/hafner/Workspace/release/analysis-core/target/checkout/target/apidocs/hudson/plugins/analysis/util//ToolTipBuilder.html...
[INFO] Generating /home/hafner/Workspace/release/analysis-core/target/checkout/target/apidocs/hudson/plugins/analysis/util//ToolTipProvider.html...
[INFO] Generating /home/hafner/Workspace/release/analysis-core/target/checkout/target/apidocs/hudson/plugins/analysis/util//TrendReportHeightValidator.html...
[INFO] Generating /home/hafner/Workspace/release/analysis-core/target/checkout/target/apidocs/hudson/plugins/analysis/util//Validator.html...
[INFO] Generating /home/hafner/Workspace/release/analysis-core/target/checkout/target/apidocs/hudson/plugins/analysis/util/model//AbstractAnnotation.html...
[INFO] Generating /home/hafner/Workspace/release/analysis-core/target/checkout/target/apidocs/hudson/plugins/analysis/util/model//AnnotationContainer.html...
[INFO] Generating /home/hafner/Workspace/release/analysis-core/target/checkout/target/apidocs/hudson/plugins/analysis/util/model//AnnotationContainer.Hierarchy.html...
[INFO] Generating /home/hafner/Workspace/release/analysis-core/target/checkout/target/apidocs/hudson/plugins/analysis/util/model//AnnotationProvider.html...
[INFO] Generating /home/hafner/Workspace/release/analysis-core/target/checkout/target/apidocs/hudson/plugins/analysis/util/model//AnnotationStream.html...
[INFO] Generating /home/hafner/Workspace/release/analysis-core/target/checkout/target/apidocs/hudson/plugins/analysis/util/model//DefaultAnnotationContainer.html...
[INFO] Generating /home/hafner/Workspace/release/analysis-core/target/checkout/target/apidocs/hudson/plugins/analysis/util/model//FileAnnotation.html...
[INFO] Generating /home/hafner/Workspace/release/analysis-core/target/checkout/target/apidocs/hudson/plugins/analysis/util/model//JavaPackage.html...
[INFO] Generating /home/hafner/Workspace/release/analysis-core/target/checkout/target/apidocs/hudson/plugins/analysis/util/model//JavaProject.html...
[INFO] Generating /home/hafner/Workspace/release/analysis-core/target/checkout/target/apidocs/hudson/plugins/analysis/util/model//LineRange.html...
[INFO] Generating /home/hafner/Workspace/release/analysis-core/target/checkout/target/apidocs/hudson/plugins/analysis/util/model//MavenModule.html...
[INFO] Generating /home/hafner/Workspace/release/analysis-core/target/checkout/target/apidocs/hudson/plugins/analysis/util/model//Priority.html...
[INFO] Generating /home/hafner/Workspace/release/analysis-core/target/checkout/target/apidocs/hudson/plugins/analysis/util/model//Priority.PriorityConverter.html...
[INFO] Generating /home/hafner/Workspace/release/analysis-core/target/checkout/target/apidocs/hudson/plugins/analysis/util/model//WorkspaceFile.html...
[INFO] Generating /home/hafner/Workspace/release/analysis-core/target/checkout/target/apidocs/hudson/plugins/analysis/views//AbstractAnnotationsDetail.html...
[INFO] Generating /home/hafner/Workspace/release/analysis-core/target/checkout/target/apidocs/hudson/plugins/analysis/views//AttributeDetail.html...
[INFO] Generating /home/hafner/Workspace/release/analysis-core/target/checkout/target/apidocs/hudson/plugins/analysis/views//DetailFactory.html...
[INFO] Generating /home/hafner/Workspace/release/analysis-core/target/checkout/target/apidocs/hudson/plugins/analysis/views//ErrorDetail.html...
[INFO] Generating /home/hafner/Workspace/release/analysis-core/target/checkout/target/apidocs/hudson/plugins/analysis/views//FileDetail.html...
[INFO] Generating /home/hafner/Workspace/release/analysis-core/target/checkout/target/apidocs/hudson/plugins/analysis/views//FixedWarningsDetail.html...
[INFO] Generating /home/hafner/Workspace/release/analysis-core/target/checkout/target/apidocs/hudson/plugins/analysis/views//ModuleDetail.html...
[INFO] Generating /home/hafner/Workspace/release/analysis-core/target/checkout/target/apidocs/hudson/plugins/analysis/views//NewWarningsDetail.html...
[INFO] Generating /home/hafner/Workspace/release/analysis-core/target/checkout/target/apidocs/hudson/plugins/analysis/views//PackageDetail.html...
[INFO] Generating /home/hafner/Workspace/release/analysis-core/target/checkout/target/apidocs/hudson/plugins/analysis/views//PrioritiesDetail.html...
[INFO] Generating /home/hafner/Workspace/release/analysis-core/target/checkout/target/apidocs/hudson/plugins/analysis/views//PriorityDetailFactory.html...
[INFO] Generating /home/hafner/Workspace/release/analysis-core/target/checkout/target/apidocs/hudson/plugins/analysis/views//SourceDetail.html...
[INFO] Generating /home/hafner/Workspace/release/analysis-core/target/checkout/target/apidocs/hudson/plugins/analysis/views//TabDetail.html...
[INFO] Generating /home/hafner/Workspace/release/analysis-core/target/checkout/target/apidocs/hudson/plugins/analysis/core//AbstractAnnotationParser.html...
[INFO] Generating /home/hafner/Workspace/release/analysis-core/target/checkout/target/apidocs/hudson/plugins/analysis/core//AbstractHealthDescriptor.html...
[INFO] Generating /home/hafner/Workspace/release/analysis-core/target/checkout/target/apidocs/hudson/plugins/analysis/core//AbstractProjectAction.html...
[INFO] Generating /home/hafner/Workspace/release/analysis-core/target/checkout/target/apidocs/hudson/plugins/analysis/core//AbstractResultAction.html...
[INFO] Generating /home/hafner/Workspace/release/analysis-core/target/checkout/target/apidocs/hudson/plugins/analysis/core//AnnotationDifferencer.html...
[INFO] Generating /home/hafner/Workspace/release/analysis-core/target/checkout/target/apidocs/hudson/plugins/analysis/core//AnnotationParser.html...
[INFO] Generating /home/hafner/Workspace/release/analysis-core/target/checkout/target/apidocs/hudson/plugins/analysis/core//AnnotationsClassifier.html...
[INFO] Generating /home/hafner/Workspace/release/analysis-core/target/checkout/target/apidocs/hudson/plugins/analysis/core//BuildResult.html...
[INFO] Generating /home/hafner/Workspace/release/analysis-core/target/checkout/target/apidocs/hudson/plugins/analysis/core//BuildResultEvaluator.html...
[INFO] Generating /home/hafner/Workspace/release/analysis-core/target/checkout/target/apidocs/hudson/plugins/analysis/core//FilesParser.html...
[INFO] Generating /home/hafner/Workspace/release/analysis-core/target/checkout/target/apidocs/hudson/plugins/analysis/core//HealthAwareMavenReporter.html...
[INFO] Generating /home/hafner/Workspace/release/analysis-core/target/checkout/target/apidocs/hudson/plugins/analysis/core//HealthAwarePublisher.html...
[INFO] Generating /home/hafner/Workspace/release/analysis-core/target/checkout/target/apidocs/hudson/plugins/analysis/core//HealthDescriptor.html...
[INFO] Generating /home/hafner/Workspace/release/analysis-core/target/checkout/target/apidocs/hudson/plugins/analysis/core//HealthReportBuilder.html...
[INFO] Generating /home/hafner/Workspace/release/analysis-core/target/checkout/target/apidocs/hudson/plugins/analysis/core//NullHealthDescriptor.html...
[INFO] Generating /home/hafner/Workspace/release/analysis-core/target/checkout/target/apidocs/hudson/plugins/analysis/core//ParserResult.html...
[INFO] Generating /home/hafner/Workspace/release/analysis-core/target/checkout/target/apidocs/hudson/plugins/analysis/core//PluginDescriptor.html...
[INFO] Generating /home/hafner/Workspace/release/analysis-core/target/checkout/target/apidocs/hudson/plugins/analysis/core//ReporterDescriptor.html...
[INFO] Generating /home/hafner/Workspace/release/analysis-core/target/checkout/target/apidocs/hudson/plugins/analysis/core//ResultAction.html...
[INFO] Generating /home/hafner/Workspace/release/analysis-core/target/checkout/target/apidocs/hudson/plugins/analysis/graph//BuildResultGraph.html...
[INFO] Generating /home/hafner/Workspace/release/analysis-core/target/checkout/target/apidocs/hudson/plugins/analysis/graph//CategoryBuildResultGraph.html...
[INFO] Generating /home/hafner/Workspace/release/analysis-core/target/checkout/target/apidocs/hudson/plugins/analysis/graph//DefaultGraphConfigurationDetail.html...
[INFO] Generating /home/hafner/Workspace/release/analysis-core/target/checkout/target/apidocs/hudson/plugins/analysis/graph//DifferenceGraph.html...
[INFO] Generating /home/hafner/Workspace/release/analysis-core/target/checkout/target/apidocs/hudson/plugins/analysis/graph//GraphConfiguration.html...
[INFO] Generating /home/hafner/Workspace/release/analysis-core/target/checkout/target/apidocs/hudson/plugins/analysis/graph//GraphConfigurationDetail.html...
[INFO] Generating /home/hafner/Workspace/release/analysis-core/target/checkout/target/apidocs/hudson/plugins/analysis/graph//GraphType.html...
[INFO] Generating /home/hafner/Workspace/release/analysis-core/target/checkout/target/apidocs/hudson/plugins/analysis/graph//HealthGraph.html...
[INFO] Generating /home/hafner/Workspace/release/analysis-core/target/checkout/target/apidocs/hudson/plugins/analysis/graph//NewVersusFixedGraph.html...
[INFO] Generating /home/hafner/Workspace/release/analysis-core/target/checkout/target/apidocs/hudson/plugins/analysis/graph//PriorityGraph.html...
[INFO] Generating /home/hafner/Workspace/release/analysis-core/target/checkout/target/apidocs/hudson/plugins/analysis/graph//UserGraphConfigurationDetail.html...
[INFO] Generating /home/hafner/Workspace/release/analysis-core/target/checkout/target/apidocs/hudson/plugins/analysis//Messages.html...
[INFO] Generating /home/hafner/Workspace/release/analysis-core/target/checkout/target/apidocs/overview-frame.html...
[INFO] Generating /home/hafner/Workspace/release/analysis-core/target/checkout/target/apidocs/hudson/plugins/analysis//package-frame.html...
[INFO] Generating /home/hafner/Workspace/release/analysis-core/target/checkout/target/apidocs/hudson/plugins/analysis//package-summary.html...
[INFO] Generating /home/hafner/Workspace/release/analysis-core/target/checkout/target/apidocs/hudson/plugins/analysis//package-tree.html...
[INFO] Generating /home/hafner/Workspace/release/analysis-core/target/checkout/target/apidocs/hudson/plugins/analysis/core//package-frame.html...
[INFO] Generating /home/hafner/Workspace/release/analysis-core/target/checkout/target/apidocs/hudson/plugins/analysis/core//package-summary.html...
[INFO] Generating /home/hafner/Workspace/release/analysis-core/target/checkout/target/apidocs/hudson/plugins/analysis/core//package-tree.html...
[INFO] Generating /home/hafner/Workspace/release/analysis-core/target/checkout/target/apidocs/hudson/plugins/analysis/graph//package-frame.html...
[INFO] Generating /home/hafner/Workspace/release/analysis-core/target/checkout/target/apidocs/hudson/plugins/analysis/graph//package-summary.html...
[INFO] Generating /home/hafner/Workspace/release/analysis-core/target/checkout/target/apidocs/hudson/plugins/analysis/graph//package-tree.html...
[INFO] Generating /home/hafner/Workspace/release/analysis-core/target/checkout/target/apidocs/hudson/plugins/analysis/util//package-frame.html...
[INFO] Generating /home/hafner/Workspace/release/analysis-core/target/checkout/target/apidocs/hudson/plugins/analysis/util//package-summary.html...
[INFO] Generating /home/hafner/Workspace/release/analysis-core/target/checkout/target/apidocs/hudson/plugins/analysis/util//package-tree.html...
[INFO] Generating /home/hafner/Workspace/release/analysis-core/target/checkout/target/apidocs/hudson/plugins/analysis/util/model//package-frame.html...
[INFO] Generating /home/hafner/Workspace/release/analysis-core/target/checkout/target/apidocs/hudson/plugins/analysis/util/model//package-summary.html...
[INFO] Generating /home/hafner/Workspace/release/analysis-core/target/checkout/target/apidocs/hudson/plugins/analysis/util/model//package-tree.html...
[INFO] Generating /home/hafner/Workspace/release/analysis-core/target/checkout/target/apidocs/hudson/plugins/analysis/views//package-frame.html...
[INFO] Generating /home/hafner/Workspace/release/analysis-core/target/checkout/target/apidocs/hudson/plugins/analysis/views//package-summary.html...
[INFO] Generating /home/hafner/Workspace/release/analysis-core/target/checkout/target/apidocs/hudson/plugins/analysis/views//package-tree.html...
[INFO] Generating /home/hafner/Workspace/release/analysis-core/target/checkout/target/apidocs/constant-values.html...
[INFO] Generating /home/hafner/Workspace/release/analysis-core/target/checkout/target/apidocs/serialized-form.html...
[INFO] Generating /home/hafner/Workspace/release/analysis-core/target/checkout/target/apidocs/hudson/plugins/analysis/util//class-use/SerializableUrlGenerator.html...
[INFO] Generating /home/hafner/Workspace/release/analysis-core/target/checkout/target/apidocs/hudson/plugins/analysis/util//class-use/EncodingValidator.html...
[INFO] Generating /home/hafner/Workspace/release/analysis-core/target/checkout/target/apidocs/hudson/plugins/analysis/util//class-use/BoxRenderer.html...
[INFO] Generating /home/hafner/Workspace/release/analysis-core/target/checkout/target/apidocs/hudson/plugins/analysis/util//class-use/AbstractPackageDetector.html...
[INFO] Generating /home/hafner/Workspace/release/analysis-core/target/checkout/target/apidocs/hudson/plugins/analysis/util//class-use/ToolTipProvider.html...
[INFO] Generating /home/hafner/Workspace/release/analysis-core/target/checkout/target/apidocs/hudson/plugins/analysis/util//class-use/PackageDetector.html...
[INFO] Generating /home/hafner/Workspace/release/analysis-core/target/checkout/target/apidocs/hudson/plugins/analysis/util//class-use/Validator.html...
[INFO] Generating /home/hafner/Workspace/release/analysis-core/target/checkout/target/apidocs/hudson/plugins/analysis/util//class-use/ModuleDetector.html...
[INFO] Generating /home/hafner/Workspace/release/analysis-core/target/checkout/target/apidocs/hudson/plugins/analysis/util//class-use/TrendReportHeightValidator.html...
[INFO] Generating /home/hafner/Workspace/release/analysis-core/target/checkout/target/apidocs/hudson/plugins/analysis/util//class-use/CookieHandler.html...
[INFO] Generating /home/hafner/Workspace/release/analysis-core/target/checkout/target/apidocs/hudson/plugins/analysis/util//class-use/JavaPackageDetector.html...
[INFO] Generating /home/hafner/Workspace/release/analysis-core/target/checkout/target/apidocs/hudson/plugins/analysis/util//class-use/PluginLogger.html...
[INFO] Generating /home/hafner/Workspace/release/analysis-core/target/checkout/target/apidocs/hudson/plugins/analysis/util//class-use/ThresholdValidator.html...
[INFO] Generating /home/hafner/Workspace/release/analysis-core/target/checkout/target/apidocs/hudson/plugins/analysis/util//class-use/Pair.html...
[INFO] Generating /home/hafner/Workspace/release/analysis-core/target/checkout/target/apidocs/hudson/plugins/analysis/util//class-use/FileFinder.html...
[INFO] Generating /home/hafner/Workspace/release/analysis-core/target/checkout/target/apidocs/hudson/plugins/analysis/util//class-use/AreaRenderer.html...
[INFO] Generating /home/hafner/Workspace/release/analysis-core/target/checkout/target/apidocs/hudson/plugins/analysis/util//class-use/CsharpNamespaceDetector.html...
[INFO] Generating /home/hafner/Workspace/release/analysis-core/target/checkout/target/apidocs/hudson/plugins/analysis/util//class-use/ContextHashCode.html...
[INFO] Generating /home/hafner/Workspace/release/analysis-core/target/checkout/target/apidocs/hudson/plugins/analysis/util//class-use/ToolTipBuilder.html...
[INFO] Generating /home/hafner/Workspace/release/analysis-core/target/checkout/target/apidocs/hudson/plugins/analysis/util//class-use/CategoryUrlBuilder.html...
[INFO] Generating /home/hafner/Workspace/release/analysis-core/target/checkout/target/apidocs/hudson/plugins/analysis/util//class-use/SerializableToolTipGenerator.html...
[INFO] Generating /home/hafner/Workspace/release/analysis-core/target/checkout/target/apidocs/hudson/plugins/analysis/util//class-use/FileInputStreamFactory.html...
[INFO] Generating /home/hafner/Workspace/release/analysis-core/target/checkout/target/apidocs/hudson/plugins/analysis/util/model//class-use/AbstractAnnotation.html...
[INFO] Generating /home/hafner/Workspace/release/analysis-core/target/checkout/target/apidocs/hudson/plugins/analysis/util/model//class-use/MavenModule.html...
[INFO] Generating /home/hafner/Workspace/release/analysis-core/target/checkout/target/apidocs/hudson/plugins/analysis/util/model//class-use/DefaultAnnotationContainer.html...
[INFO] Generating /home/hafner/Workspace/release/analysis-core/target/checkout/target/apidocs/hudson/plugins/analysis/util/model//class-use/Priority.html...
[INFO] Generating /home/hafner/Workspace/release/analysis-core/target/checkout/target/apidocs/hudson/plugins/analysis/util/model//class-use/Priority.PriorityConverter.html...
[INFO] Generating /home/hafner/Workspace/release/analysis-core/target/checkout/target/apidocs/hudson/plugins/analysis/util/model//class-use/WorkspaceFile.html...
[INFO] Generating /home/hafner/Workspace/release/analysis-core/target/checkout/target/apidocs/hudson/plugins/analysis/util/model//class-use/AnnotationProvider.html...
[INFO] Generating /home/hafner/Workspace/release/analysis-core/target/checkout/target/apidocs/hudson/plugins/analysis/util/model//class-use/JavaPackage.html...
[INFO] Generating /home/hafner/Workspace/release/analysis-core/target/checkout/target/apidocs/hudson/plugins/analysis/util/model//class-use/JavaProject.html...
[INFO] Generating /home/hafner/Workspace/release/analysis-core/target/checkout/target/apidocs/hudson/plugins/analysis/util/model//class-use/AnnotationContainer.html...
[INFO] Generating /home/hafner/Workspace/release/analysis-core/target/checkout/target/apidocs/hudson/plugins/analysis/util/model//class-use/AnnotationContainer.Hierarchy.html...
[INFO] Generating /home/hafner/Workspace/release/analysis-core/target/checkout/target/apidocs/hudson/plugins/analysis/util/model//class-use/FileAnnotation.html...
[INFO] Generating /home/hafner/Workspace/release/analysis-core/target/checkout/target/apidocs/hudson/plugins/analysis/util/model//class-use/AnnotationStream.html...
[INFO] Generating /home/hafner/Workspace/release/analysis-core/target/checkout/target/apidocs/hudson/plugins/analysis/util/model//class-use/LineRange.html...
[INFO] Generating /home/hafner/Workspace/release/analysis-core/target/checkout/target/apidocs/hudson/plugins/analysis/views//class-use/SourceDetail.html...
[INFO] Generating /home/hafner/Workspace/release/analysis-core/target/checkout/target/apidocs/hudson/plugins/analysis/views//class-use/FixedWarningsDetail.html...
[INFO] Generating /home/hafner/Workspace/release/analysis-core/target/checkout/target/apidocs/hudson/plugins/analysis/views//class-use/PackageDetail.html...
[INFO] Generating /home/hafner/Workspace/release/analysis-core/target/checkout/target/apidocs/hudson/plugins/analysis/views//class-use/NewWarningsDetail.html...
[INFO] Generating /home/hafner/Workspace/release/analysis-core/target/checkout/target/apidocs/hudson/plugins/analysis/views//class-use/DetailFactory.html...
[INFO] Generating /home/hafner/Workspace/release/analysis-core/target/checkout/target/apidocs/hudson/plugins/analysis/views//class-use/PriorityDetailFactory.html...
[INFO] Generating /home/hafner/Workspace/release/analysis-core/target/checkout/target/apidocs/hudson/plugins/analysis/views//class-use/AttributeDetail.html...
[INFO] Generating /home/hafner/Workspace/release/analysis-core/target/checkout/target/apidocs/hudson/plugins/analysis/views//class-use/FileDetail.html...
[INFO] Generating /home/hafner/Workspace/release/analysis-core/target/checkout/target/apidocs/hudson/plugins/analysis/views//class-use/AbstractAnnotationsDetail.html...
[INFO] Generating /home/hafner/Workspace/release/analysis-core/target/checkout/target/apidocs/hudson/plugins/analysis/views//class-use/ErrorDetail.html...
[INFO] Generating /home/hafner/Workspace/release/analysis-core/target/checkout/target/apidocs/hudson/plugins/analysis/views//class-use/TabDetail.html...
[INFO] Generating /home/hafner/Workspace/release/analysis-core/target/checkout/target/apidocs/hudson/plugins/analysis/views//class-use/ModuleDetail.html...
[INFO] Generating /home/hafner/Workspace/release/analysis-core/target/checkout/target/apidocs/hudson/plugins/analysis/views//class-use/PrioritiesDetail.html...
[INFO] Generating /home/hafner/Workspace/release/analysis-core/target/checkout/target/apidocs/hudson/plugins/analysis/core//class-use/AnnotationDifferencer.html...
[INFO] Generating /home/hafner/Workspace/release/analysis-core/target/checkout/target/apidocs/hudson/plugins/analysis/core//class-use/AbstractAnnotationParser.html...
[INFO] Generating /home/hafner/Workspace/release/analysis-core/target/checkout/target/apidocs/hudson/plugins/analysis/core//class-use/BuildResultEvaluator.html...
[INFO] Generating /home/hafner/Workspace/release/analysis-core/target/checkout/target/apidocs/hudson/plugins/analysis/core//class-use/AbstractProjectAction.html...
[INFO] Generating /home/hafner/Workspace/release/analysis-core/target/checkout/target/apidocs/hudson/plugins/analysis/core//class-use/AbstractResultAction.html...
[INFO] Generating /home/hafner/Workspace/release/analysis-core/target/checkout/target/apidocs/hudson/plugins/analysis/core//class-use/HealthAwareMavenReporter.html...
[INFO] Generating /home/hafner/Workspace/release/analysis-core/target/checkout/target/apidocs/hudson/plugins/analysis/core//class-use/AnnotationParser.html...
[INFO] Generating /home/hafner/Workspace/release/analysis-core/target/checkout/target/apidocs/hudson/plugins/analysis/core//class-use/ParserResult.html...
[INFO] Generating /home/hafner/Workspace/release/analysis-core/target/checkout/target/apidocs/hudson/plugins/analysis/core//class-use/ResultAction.html...
[INFO] Generating /home/hafner/Workspace/release/analysis-core/target/checkout/target/apidocs/hudson/plugins/analysis/core//class-use/NullHealthDescriptor.html...
[INFO] Generating /home/hafner/Workspace/release/analysis-core/target/checkout/target/apidocs/hudson/plugins/analysis/core//class-use/HealthAwarePublisher.html...
[INFO] Generating /home/hafner/Workspace/release/analysis-core/target/checkout/target/apidocs/hudson/plugins/analysis/core//class-use/FilesParser.html...
[INFO] Generating /home/hafner/Workspace/release/analysis-core/target/checkout/target/apidocs/hudson/plugins/analysis/core//class-use/AnnotationsClassifier.html...
[INFO] Generating /home/hafner/Workspace/release/analysis-core/target/checkout/target/apidocs/hudson/plugins/analysis/core//class-use/PluginDescriptor.html...
[INFO] Generating /home/hafner/Workspace/release/analysis-core/target/checkout/target/apidocs/hudson/plugins/analysis/core//class-use/HealthDescriptor.html...
[INFO] Generating /home/hafner/Workspace/release/analysis-core/target/checkout/target/apidocs/hudson/plugins/analysis/core//class-use/HealthReportBuilder.html...
[INFO] Generating /home/hafner/Workspace/release/analysis-core/target/checkout/target/apidocs/hudson/plugins/analysis/core//class-use/ReporterDescriptor.html...
[INFO] Generating /home/hafner/Workspace/release/analysis-core/target/checkout/target/apidocs/hudson/plugins/analysis/core//class-use/AbstractHealthDescriptor.html...
[INFO] Generating /home/hafner/Workspace/release/analysis-core/target/checkout/target/apidocs/hudson/plugins/analysis/core//class-use/BuildResult.html...
[INFO] Generating /home/hafner/Workspace/release/analysis-core/target/checkout/target/apidocs/hudson/plugins/analysis/graph//class-use/GraphType.html...
[INFO] Generating /home/hafner/Workspace/release/analysis-core/target/checkout/target/apidocs/hudson/plugins/analysis/graph//class-use/CategoryBuildResultGraph.html...
[INFO] Generating /home/hafner/Workspace/release/analysis-core/target/checkout/target/apidocs/hudson/plugins/analysis/graph//class-use/NewVersusFixedGraph.html...
[INFO] Generating /home/hafner/Workspace/release/analysis-core/target/checkout/target/apidocs/hudson/plugins/analysis/graph//class-use/GraphConfiguration.html...
[INFO] Generating /home/hafner/Workspace/release/analysis-core/target/checkout/target/apidocs/hudson/plugins/analysis/graph//class-use/GraphConfigurationDetail.html...
[INFO] Generating /home/hafner/Workspace/release/analysis-core/target/checkout/target/apidocs/hudson/plugins/analysis/graph//class-use/DifferenceGraph.html...
[INFO] Generating /home/hafner/Workspace/release/analysis-core/target/checkout/target/apidocs/hudson/plugins/analysis/graph//class-use/DefaultGraphConfigurationDetail.html...
[INFO] Generating /home/hafner/Workspace/release/analysis-core/target/checkout/target/apidocs/hudson/plugins/analysis/graph//class-use/UserGraphConfigurationDetail.html...
[INFO] Generating /home/hafner/Workspace/release/analysis-core/target/checkout/target/apidocs/hudson/plugins/analysis/graph//class-use/HealthGraph.html...
[INFO] Generating /home/hafner/Workspace/release/analysis-core/target/checkout/target/apidocs/hudson/plugins/analysis/graph//class-use/BuildResultGraph.html...
[INFO] Generating /home/hafner/Workspace/release/analysis-core/target/checkout/target/apidocs/hudson/plugins/analysis/graph//class-use/PriorityGraph.html...
[INFO] Generating /home/hafner/Workspace/release/analysis-core/target/checkout/target/apidocs/hudson/plugins/analysis//class-use/Messages.html...
[INFO] Generating /home/hafner/Workspace/release/analysis-core/target/checkout/target/apidocs/hudson/plugins/analysis//package-use.html...
[INFO] Generating /home/hafner/Workspace/release/analysis-core/target/checkout/target/apidocs/hudson/plugins/analysis/core//package-use.html...
[INFO] Generating /home/hafner/Workspace/release/analysis-core/target/checkout/target/apidocs/hudson/plugins/analysis/graph//package-use.html...
[INFO] Generating /home/hafner/Workspace/release/analysis-core/target/checkout/target/apidocs/hudson/plugins/analysis/util//package-use.html...
[INFO] Generating /home/hafner/Workspace/release/analysis-core/target/checkout/target/apidocs/hudson/plugins/analysis/util/model//package-use.html...
[INFO] Generating /home/hafner/Workspace/release/analysis-core/target/checkout/target/apidocs/hudson/plugins/analysis/views//package-use.html...
[INFO] Building index for all the packages and classes...
[INFO] Generating /home/hafner/Workspace/release/analysis-core/target/checkout/target/apidocs/overview-tree.html...
[INFO] Generating /home/hafner/Workspace/release/analysis-core/target/checkout/target/apidocs/index-all.html...
[INFO] Generating /home/hafner/Workspace/release/analysis-core/target/checkout/target/apidocs/deprecated-list.html...
[INFO] Building index for all classes...
[INFO] Generating /home/hafner/Workspace/release/analysis-core/target/checkout/target/apidocs/allclasses-frame.html...
[INFO] Generating /home/hafner/Workspace/release/analysis-core/target/checkout/target/apidocs/allclasses-noframe.html...
[INFO] Generating /home/hafner/Workspace/release/analysis-core/target/checkout/target/apidocs/index.html...
[INFO] Generating /home/hafner/Workspace/release/analysis-core/target/checkout/target/apidocs/overview-summary.html...
[INFO] Generating /home/hafner/Workspace/release/analysis-core/target/checkout/target/apidocs/help-doc.html...
[INFO] Generating /home/hafner/Workspace/release/analysis-core/target/checkout/target/apidocs/stylesheet.css...
[INFO] [INFO] Building jar: /home/hafner/Workspace/release/analysis-core/target/checkout/target/analysis-core-javadoc.jar
[INFO] [INFO] [hpi:upload {execution: default-cli}]
[INFO] [INFO] [hpi:announce {execution: default-cli}]
[INFO] [INFO] ------------------------------------------------------------------------
[INFO] [INFO] BUILD SUCCESSFUL
[INFO] [INFO] ------------------------------------------------------------------------
[INFO] [INFO] Total time: 5 minutes 32 seconds
[INFO] [INFO] Finished at: Sun Dec 27 23:57:57 CET 2009
[INFO] [INFO] Final Memory: 42M/63M
[INFO] [INFO] ------------------------------------------------------------------------
[INFO] Cleaning up after release...
[INFO] ------------------------------------------------------------------------
[INFO] BUILD SUCCESSFUL
[INFO] ------------------------------------------------------------------------
[INFO] Total time: 7 minutes 35 seconds
[INFO] Finished at: Sun Dec 27 23:57:58 CET 2009
[INFO] Final Memory: 30M/55M
[INFO] ------------------------------------------------------------------------
